This is pdfTeX, Version 3.141592653-2.6-1.40.23 (MiKTeX 21.8) (preloaded format=pdflatex 2021.10.15)  23 JAN 2022 15:51
entering extended mode
**./[Ecuaciones-Diferenciales].tex
([Ecuaciones-Diferenciales].tex
LaTeX2e <2021-06-01> patch level 1
L3 programming layer <2021-08-27>
(C:\Users\julih\AppData\Local\Programs\MiKTeX\tex/latex/tufte-latex\tufte-book.
cls
Document Class: tufte-book 2015/06/21 v3.5.2 Tufte-book class

(C:\Users\julih\AppData\Local\Programs\MiKTeX\tex/latex/tufte-latex\tufte-commo
n.def
File: tufte-common.def 2015/06/21 v3.5.2 Common code for the Tufte-LaTeX styles


(C:\Users\julih\AppData\Local\Programs\MiKTeX\tex/latex/xkeyval\xkeyval.sty
Package: xkeyval 2020/11/20 v2.8 package option processing (HA)

(C:\Users\julih\AppData\Local\Programs\MiKTeX\tex/generic/xkeyval\xkeyval.tex
(C:\Users\julih\AppData\Local\Programs\MiKTeX\tex/generic/xkeyval\xkvutils.tex
\XKV@toks=\toks16
\XKV@tempa@toks=\toks17

(C:\Users\julih\AppData\Local\Programs\MiKTeX\tex/generic/xkeyval\keyval.tex))
\XKV@depth=\count182
File: xkeyval.tex 2014/12/03 v2.7a key=value parser (HA)
)) (C:\Users\julih\AppData\Local\Programs\MiKTeX\tex/latex/xifthen\xifthen.sty
Package: xifthen 2015/11/05 v1.4.0 Extended ifthen features

(C:\Users\julih\AppData\Local\Programs\MiKTeX\tex/latex/tools\calc.sty
Package: calc 2017/05/25 v4.3 Infix arithmetic (KKT,FJ)
\calc@Acount=\count183
\calc@Bcount=\count184
\calc@Adimen=\dimen138
\calc@Bdimen=\dimen139
\calc@Askip=\skip47
\calc@Bskip=\skip48
LaTeX Info: Redefining \setlength on input line 80.
LaTeX Info: Redefining \addtolength on input line 81.
\calc@Ccount=\count185
\calc@Cskip=\skip49
)
(C:\Users\julih\AppData\Local\Programs\MiKTeX\tex/latex/base\ifthen.sty
Package: ifthen 2020/11/24 v1.1c Standard LaTeX ifthen package (DPC)
)
(C:\Users\julih\AppData\Local\Programs\MiKTeX\tex/latex/ifmtarg\ifmtarg.sty
Package: ifmtarg 2018/04/16 v1.2b check for an empty argument
))
(C:\Users\julih\AppData\Local\Programs\MiKTeX\tex/latex/hardwrap\hardwrap.sty
Package: hardwrap 2011/02/12 v0.2 Hard wrap messages

(C:\Users\julih\AppData\Local\Programs\MiKTeX\tex/latex/ifplatform\ifplatform.s
ty
Package: ifplatform 2017/10/13 v0.4a Testing for the operating system
 (C:\Users\julih\AppData\Local\Programs\MiKTeX\tex/latex/tools\shellesc.sty
Package: shellesc 2019/11/08 v1.0c unified shell escape interface for LaTeX
Package shellesc Info: Restricted shell escape enabled on input line 77.
)
(C:\Users\julih\AppData\Local\Programs\MiKTeX\tex/generic/pdftexcmds\pdftexcmds
.sty
Package: pdftexcmds 2020-06-27 v0.33 Utility functions of pdfTeX for LuaTeX (HO
)

(C:\Users\julih\AppData\Local\Programs\MiKTeX\tex/generic/infwarerr\infwarerr.s
ty
Package: infwarerr 2019/12/03 v1.5 Providing info/warning/error messages (HO)
) (C:\Users\julih\AppData\Local\Programs\MiKTeX\tex/generic/iftex\iftex.sty
Package: iftex 2020/03/06 v1.0d TeX engine tests
)
(C:\Users\julih\AppData\Local\Programs\MiKTeX\tex/generic/ltxcmds\ltxcmds.sty
Package: ltxcmds 2020-05-10 v1.25 LaTeX kernel commands for general use (HO)
)
Package pdftexcmds Info: \pdf@primitive is available.
Package pdftexcmds Info: \pdf@ifprimitive is available.
Package pdftexcmds Info: \pdfdraftmode found.
)
(C:\Users\julih\AppData\Local\Programs\MiKTeX\tex/generic/catchfile\catchfile.s
ty
Package: catchfile 2019/12/09 v1.8 Catch the contents of a file (HO)

(C:\Users\julih\AppData\Local\Programs\MiKTeX\tex/generic/etexcmds\etexcmds.sty
Package: etexcmds 2019/12/15 v1.7 Avoid name clashes with e-TeX commands (HO)
)) (C:\Users\julih\AppData\Local\Programs\MiKTeX\tex/generic/iftex\ifluatex.sty
Package: ifluatex 2019/10/25 v1.5 ifluatex legacy package. Use iftex instead.
)

Package ifplatform Warning: 
    shell escape is disabled, so I can only detect \ifwindows.

) (C:\Users\julih\AppData\Local\Programs\MiKTeX\tex/generic/iftex\ifxetex.sty
Package: ifxetex 2019/10/25 v0.7 ifxetex legacy package. Use iftex instead.
)
\hw@charcount=\count186
\hw@wordcount=\count187
\hw@maxprintline=\count188
)
Class tufte-book Info: Loading the base class `book'
(C:\Users\julih\AppData\Local\Programs\MiKTeX\tex/latex/base\book.cls
Document Class: book 2021/02/12 v1.4n Standard LaTeX document class
(C:\Users\julih\AppData\Local\Programs\MiKTeX\tex/latex/base\bk10.clo
File: bk10.clo 2021/02/12 v1.4n Standard LaTeX file (size option)
)
\c@part=\count189
\c@chapter=\count190
\c@section=\count191
\c@subsection=\count192
\c@subsubsection=\count193
\c@paragraph=\count194
\c@subparagraph=\count195
\c@figure=\count196
\c@table=\count197
\abovecaptionskip=\skip50
\belowcaptionskip=\skip51
\bibindent=\dimen140
)
(C:\Users\julih\AppData\Local\Programs\MiKTeX\tex/generic/iftex\ifpdf.sty
Package: ifpdf 2019/10/25 v3.4 ifpdf legacy package. Use iftex instead.
)
(C:\Users\julih\AppData\Local\Programs\MiKTeX\tex/latex/titlesec\titlesec.sty
Package: titlesec 2021/07/05 v2.14 Sectioning titles
\ttl@box=\box50
\beforetitleunit=\skip52
\aftertitleunit=\skip53
\ttl@plus=\dimen141
\ttl@minus=\dimen142
\ttl@toksa=\toks18
\titlewidth=\dimen143
\titlewidthlast=\dimen144
\titlewidthfirst=\dimen145
)
(C:\Users\julih\AppData\Local\Programs\MiKTeX\tex/latex/titlesec\titletoc.sty
Package: titletoc 2021/07/05 v2.14 TOC entries
\ttl@leftsep=\dimen146
)
(C:\Users\julih\AppData\Local\Programs\MiKTeX\tex/latex/hyperref\hyperref.sty
Package: hyperref 2021-06-07 v7.00m Hypertext links for LaTeX

(C:\Users\julih\AppData\Local\Programs\MiKTeX\tex/generic/kvsetkeys\kvsetkeys.s
ty
Package: kvsetkeys 2019/12/15 v1.18 Key value parser (HO)
)
(C:\Users\julih\AppData\Local\Programs\MiKTeX\tex/generic/kvdefinekeys\kvdefine
keys.sty
Package: kvdefinekeys 2019-12-19 v1.6 Define keys (HO)
)
(C:\Users\julih\AppData\Local\Programs\MiKTeX\tex/generic/pdfescape\pdfescape.s
ty
Package: pdfescape 2019/12/09 v1.15 Implements pdfTeX's escape features (HO)
) (C:\Users\julih\AppData\Local\Programs\MiKTeX\tex/latex/hycolor\hycolor.sty
Package: hycolor 2020-01-27 v1.10 Color options for hyperref/bookmark (HO)
)
(C:\Users\julih\AppData\Local\Programs\MiKTeX\tex/latex/letltxmacro\letltxmacro
.sty
Package: letltxmacro 2019/12/03 v1.6 Let assignment for LaTeX macros (HO)
)
(C:\Users\julih\AppData\Local\Programs\MiKTeX\tex/latex/auxhook\auxhook.sty
Package: auxhook 2019-12-17 v1.6 Hooks for auxiliary files (HO)
)
(C:\Users\julih\AppData\Local\Programs\MiKTeX\tex/latex/kvoptions\kvoptions.sty
Package: kvoptions 2020-10-07 v3.14 Key value format for package options (HO)
)
\@linkdim=\dimen147
\Hy@linkcounter=\count198
\Hy@pagecounter=\count199
 (C:\Users\julih\AppData\Local\Programs\MiKTeX\tex/latex/hyperref\pd1enc.def
File: pd1enc.def 2021-06-07 v7.00m Hyperref: PDFDocEncoding definition (HO)
Now handling font encoding PD1 ...
... no UTF-8 mapping file for font encoding PD1
)
(C:\Users\julih\AppData\Local\Programs\MiKTeX\tex/latex/hyperref\hyperref-langp
atches.def
File: hyperref-langpatches.def 2021-06-07 v7.00m Hyperref: patches for babel la
nguages
)
(C:\Users\julih\AppData\Local\Programs\MiKTeX\tex/generic/intcalc\intcalc.sty
Package: intcalc 2019/12/15 v1.3 Expandable calculations with integers (HO)
)
\Hy@SavedSpaceFactor=\count266

(C:\Users\julih\AppData\Local\Programs\MiKTeX\tex/latex/hyperref\puenc.def
File: puenc.def 2021-06-07 v7.00m Hyperref: PDF Unicode definition (HO)
Now handling font encoding PU ...
... no UTF-8 mapping file for font encoding PU
)
Package hyperref Info: Option `unicode' set `true' on input line 4073.
Package hyperref Info: Option `hyperfootnotes' set `false' on input line 4073.
Package hyperref Info: Hyper figures OFF on input line 4192.
Package hyperref Info: Link nesting OFF on input line 4197.
Package hyperref Info: Hyper index ON on input line 4200.
Package hyperref Info: Plain pages OFF on input line 4207.
Package hyperref Info: Backreferencing OFF on input line 4212.
Package hyperref Info: Implicit mode ON; LaTeX internals redefined.
Package hyperref Info: Bookmarks ON on input line 4445.
\c@Hy@tempcnt=\count267

(C:\Users\julih\AppData\Local\Programs\MiKTeX\tex/latex/url\url.sty
\Urlmuskip=\muskip16
Package: url 2013/09/16  ver 3.4  Verb mode for urls, etc.
)
LaTeX Info: Redefining \url on input line 4804.
\XeTeXLinkMargin=\dimen148

(C:\Users\julih\AppData\Local\Programs\MiKTeX\tex/generic/bitset\bitset.sty
Package: bitset 2019/12/09 v1.3 Handle bit-vector datatype (HO)

(C:\Users\julih\AppData\Local\Programs\MiKTeX\tex/generic/bigintcalc\bigintcalc
.sty
Package: bigintcalc 2019/12/15 v1.5 Expandable calculations on big integers (HO
)
))
\Fld@menulength=\count268
\Field@Width=\dimen149
\Fld@charsize=\dimen150
Package hyperref Info: Hyper figures OFF on input line 6076.
Package hyperref Info: Link nesting OFF on input line 6081.
Package hyperref Info: Hyper index ON on input line 6084.
Package hyperref Info: backreferencing OFF on input line 6091.
Package hyperref Info: Link coloring OFF on input line 6096.
Package hyperref Info: Link coloring with OCG OFF on input line 6101.
Package hyperref Info: PDF/A mode OFF on input line 6106.
LaTeX Info: Redefining \ref on input line 6146.
LaTeX Info: Redefining \pageref on input line 6150.

(C:\Users\julih\AppData\Local\Programs\MiKTeX\tex/latex/base\atbegshi-ltx.sty
Package: atbegshi-ltx 2021/01/10 v1.0c Emulation of the original atbegshi
package with kernel methods
)
\Hy@abspage=\count269
\c@Item=\count270
)
Package hyperref Info: Driver (autodetected): hpdftex.
(C:\Users\julih\AppData\Local\Programs\MiKTeX\tex/latex/hyperref\hpdftex.def
File: hpdftex.def 2021-06-07 v7.00m Hyperref driver for pdfTeX

(C:\Users\julih\AppData\Local\Programs\MiKTeX\tex/latex/base\atveryend-ltx.sty
Package: atveryend-ltx 2020/08/19 v1.0a Emulation of the original atvery packag
e
with kernel methods
)
\Fld@listcount=\count271
\c@bookmark@seq@number=\count272

(C:\Users\julih\AppData\Local\Programs\MiKTeX\tex/latex/rerunfilecheck\rerunfil
echeck.sty
Package: rerunfilecheck 2019/12/05 v1.9 Rerun checks for auxiliary files (HO)

(C:\Users\julih\AppData\Local\Programs\MiKTeX\tex/generic/uniquecounter\uniquec
ounter.sty
Package: uniquecounter 2019/12/15 v1.4 Provide unlimited unique counter (HO)
)
Package uniquecounter Info: New unique counter `rerunfilecheck' on input line 2
86.
)
\Hy@SectionHShift=\skip54
)
(C:\Users\julih\AppData\Local\Programs\MiKTeX\tex/latex/ragged2e\ragged2e.sty
Package: ragged2e 2021/02/05 v3.0 ragged2e Package
\CenteringLeftskip=\skip55
\RaggedLeftLeftskip=\skip56
\RaggedRightLeftskip=\skip57
\CenteringRightskip=\skip58
\RaggedLeftRightskip=\skip59
\RaggedRightRightskip=\skip60
\CenteringParfillskip=\skip61
\RaggedLeftParfillskip=\skip62
\RaggedRightParfillskip=\skip63
\JustifyingParfillskip=\skip64
\CenteringParindent=\skip65
\RaggedLeftParindent=\skip66
\RaggedRightParindent=\skip67
\JustifyingParindent=\skip68
)
(C:\Users\julih\AppData\Local\Programs\MiKTeX\tex/latex/geometry\geometry.sty
Package: geometry 2020/01/02 v5.9 Page Geometry

(C:\Users\julih\AppData\Local\Programs\MiKTeX\tex/generic/iftex\ifvtex.sty
Package: ifvtex 2019/10/25 v1.7 ifvtex legacy package. Use iftex instead.
)
\Gm@cnth=\count273
\Gm@cntv=\count274
\c@Gm@tempcnt=\count275
\Gm@bindingoffset=\dimen151
\Gm@wd@mp=\dimen152
\Gm@odd@mp=\dimen153
\Gm@even@mp=\dimen154
\Gm@layoutwidth=\dimen155
\Gm@layoutheight=\dimen156
\Gm@layouthoffset=\dimen157
\Gm@layoutvoffset=\dimen158
\Gm@dimlist=\toks19

(C:\Users\julih\AppData\Local\Programs\MiKTeX\tex/latex/geometry\geometry.cfg))

(C:\Users\julih\AppData\Local\Programs\MiKTeX\tex/latex/changepage\changepage.s
ty
Package: changepage 2009/10/20 v1.0c check page and change page layout
\c@cp@cntr=\count276
\cp@tempcnt=\count277
)
\@tufte@overhang=\skip69
\@tufte@fullwidth=\skip70
\@tufte@caption@fill=\skip71

(C:\Users\julih\AppData\Local\Programs\MiKTeX\tex/latex/paralist\paralist.sty
Package: paralist 2017/01/22 v2.7 Extended list environments
\pltopsep=\skip72
\plpartopsep=\skip73
\plitemsep=\skip74
\plparsep=\skip75
\pl@lab=\toks20
)
(C:\Users\julih\AppData\Local\Programs\MiKTeX\tex/latex/textcase\textcase.sty
Package: textcase 2019/09/14 v1.00 Text only upper/lower case changing (DPC)
)
(C:\Users\julih\AppData\Local\Programs\MiKTeX\tex/latex/microtype\letterspace.s
ty
Package: letterspace 2021/03/14 v2.8c Robust letterspacing (RS)
LaTeX Info: Redefining \lsstyle on input line 346.
LaTeX Info: Redefining \lslig on input line 347.
LaTeX Info: Redefining \textls on input line 372.
\MT@outer@kern=\dimen159
)
(C:\Users\julih\AppData\Local\Programs\MiKTeX\tex/latex/setspace\setspace.sty
Package: setspace 2011/12/19 v6.7a set line spacing
)
(C:\Users\julih\AppData\Local\Programs\MiKTeX\tex/latex/xcolor\xcolor.sty
Package: xcolor 2016/05/11 v2.12 LaTeX color extensions (UK)

(C:\Users\julih\AppData\Local\Programs\MiKTeX\tex/latex/graphics-cfg\color.cfg
File: color.cfg 2016/01/02 v1.6 sample color configuration
)
Package xcolor Info: Package option `usenames' ignored on input line 216.
Package xcolor Info: Driver file: pdftex.def on input line 225.

(C:\Users\julih\AppData\Local\Programs\MiKTeX\tex/latex/graphics-def\pdftex.def
File: pdftex.def 2020/10/05 v1.2a Graphics/color driver for pdftex
)
Package xcolor Info: Model `cmy' substituted by `cmy0' on input line 1348.
Package xcolor Info: Model `hsb' substituted by `rgb' on input line 1352.
Package xcolor Info: Model `RGB' extended on input line 1364.
Package xcolor Info: Model `HTML' substituted by `rgb' on input line 1366.
Package xcolor Info: Model `Hsb' substituted by `hsb' on input line 1367.
Package xcolor Info: Model `tHsb' substituted by `hsb' on input line 1368.
Package xcolor Info: Model `HSB' substituted by `hsb' on input line 1369.
Package xcolor Info: Model `Gray' substituted by `gray' on input line 1370.
Package xcolor Info: Model `wave' substituted by `hsb' on input line 1371.
 (C:\Users\julih\AppData\Local\Programs\MiKTeX\tex/latex/graphics\dvipsnam.def
File: dvipsnam.def 2016/06/17 v3.0m Driver-dependent file (DPC,SPQR)
) (C:\Users\julih\AppData\Local\Programs\MiKTeX\tex/latex/xcolor\svgnam.def
File: svgnam.def 2016/05/11 v2.12 Predefined colors according to SVG 1.1 (UK)
))
(C:\Users\julih\AppData\Local\Programs\MiKTeX\tex/latex/natbib\natbib.sty
Package: natbib 2010/09/13 8.31b (PWD, AO)
\bibhang=\skip76
\bibsep=\skip77
LaTeX Info: Redefining \cite on input line 694.
\c@NAT@ctr=\count278
)
(C:\Users\julih\AppData\Local\Programs\MiKTeX\tex/latex/natbib\bibentry.sty
Package: bibentry 2007/10/30 1.5 (PWD)
)
([Ecuaciones-Diferenciales].bbl)
\c@@tufte@num@bibkeys=\count279

(C:\Users\julih\AppData\Local\Programs\MiKTeX\tex/latex/sauerj\optparams.sty
Package: optparams 2004/08/14 v0.9 multiple optional parameters in macros
)
\@tufte@sidenote@vertical@offset=\skip78

(C:\Users\julih\AppData\Local\Programs\MiKTeX\tex/latex/placeins\placeins.sty
Package: placeins 2005/04/18  v 2.2
)
\@tufte@margin@floatbox=\box51
\@tufte@figure@box=\box52
\@tufte@caption@box=\box53
\@tufte@caption@vertical@offset=\skip79
\@tufte@float@contents@width=\skip80

(C:\Users\julih\AppData\Local\Programs\MiKTeX\tex/latex/psnfss\mathpazo.sty
Package: mathpazo 2020/03/25 PSNFSS-v9.3 Palatino w/ Pazo Math (D.Puga, WaS) 
\symupright=\mathgroup4
)
(C:\Users\julih\AppData\Local\Programs\MiKTeX\tex/latex/psnfss\helvet.sty
Package: helvet 2020/03/25 PSNFSS-v9.3 (WaS) 
)
(C:\Users\julih\AppData\Local\Programs\MiKTeX\tex/latex/bera\beramono.sty
Package: beramono 2004/01/31 (WaS)
)
(C:\Users\julih\AppData\Local\Programs\MiKTeX\tex/latex/base\fontenc.sty
Package: fontenc 2021/04/29 v2.0v Standard LaTeX package
LaTeX Font Info:    Trying to load font information for T1+pplj on input line 1
12.

(C:\Users\julih\AppData\Local\Programs\MiKTeX\tex/latex/psnfss\t1pplj.fd
File: t1pplj.fd 2004/09/06 font definitions for T1/pplj.
))
(C:\Users\julih\AppData\Local\Programs\MiKTeX\tex/latex/base\textcomp.sty
Package: textcomp 2020/02/02 v2.0n Standard LaTeX package
)
(C:\Users\julih\AppData\Local\Programs\MiKTeX\tex/latex/fancyhdr\fancyhdr.sty
Package: fancyhdr 2021/01/28 v4.0.1 Extensive control of page headers and foote
rs
\f@nch@headwidth=\skip81
\f@nch@O@elh=\skip82
\f@nch@O@erh=\skip83
\f@nch@O@olh=\skip84
\f@nch@O@orh=\skip85
\f@nch@O@elf=\skip86
\f@nch@O@erf=\skip87
\f@nch@O@olf=\skip88
\f@nch@O@orf=\skip89
)
\tufteskipamount=\skip90

(C:\Users\julih\AppData\Local\Programs\MiKTeX\tex/latex/tools\multicol.sty
Package: multicol 2019/12/09 v1.8y multicolumn formatting (FMi)
\c@tracingmulticols=\count280
\mult@box=\box54
\multicol@leftmargin=\dimen160
\c@unbalance=\count281
\c@collectmore=\count282
\doublecol@number=\count283
\multicoltolerance=\count284
\multicolpretolerance=\count285
\full@width=\dimen161
\page@free=\dimen162
\premulticols=\dimen163
\postmulticols=\dimen164
\multicolsep=\skip91
\multicolbaselineskip=\skip92
\partial@page=\box55
\last@line=\box56
\maxbalancingoverflow=\dimen165
\mult@rightbox=\box57
\mult@grightbox=\box58
\mult@gfirstbox=\box59
\mult@firstbox=\box60
\@tempa=\box61
\@tempa=\box62
\@tempa=\box63
\@tempa=\box64
\@tempa=\box65
\@tempa=\box66
\@tempa=\box67
\@tempa=\box68
\@tempa=\box69
\@tempa=\box70
\@tempa=\box71
\@tempa=\box72
\@tempa=\box73
\@tempa=\box74
\@tempa=\box75
\@tempa=\box76
\@tempa=\box77
\@tempa=\box78
\@tempa=\box79
\@tempa=\box80
\@tempa=\box81
\@tempa=\box82
\@tempa=\box83
\@tempa=\box84
\@tempa=\box85
\@tempa=\box86
\@tempa=\box87
\@tempa=\box88
\@tempa=\box89
\@tempa=\box90
\@tempa=\box91
\@tempa=\box92
\@tempa=\box93
\@tempa=\box94
\@tempa=\box95
\@tempa=\box96
\@tempa=\box97
\c@minrows=\count286
\c@columnbadness=\count287
\c@finalcolumnbadness=\count288
\last@try=\dimen166
\multicolovershoot=\dimen167
\multicolundershoot=\dimen168
\mult@nat@firstbox=\box98
\colbreak@box=\box99
\mc@col@check@num=\count289
)))
(_paquetes.tex
(C:\Users\julih\AppData\Local\Programs\MiKTeX\tex/latex/base\fontenc.sty
Package: fontenc 2021/04/29 v2.0v Standard LaTeX package
)
(C:\Users\julih\AppData\Local\Programs\MiKTeX\tex/latex/graphics\graphicx.sty
Package: graphicx 2020/12/05 v1.2c Enhanced LaTeX Graphics (DPC,SPQR)

(C:\Users\julih\AppData\Local\Programs\MiKTeX\tex/latex/graphics\graphics.sty
Package: graphics 2021/03/04 v1.4d Standard LaTeX Graphics (DPC,SPQR)

(C:\Users\julih\AppData\Local\Programs\MiKTeX\tex/latex/graphics\trig.sty
Package: trig 2016/01/03 v1.10 sin cos tan (DPC)
)
(C:\Users\julih\AppData\Local\Programs\MiKTeX\tex/latex/graphics-cfg\graphics.c
fg
File: graphics.cfg 2016/06/04 v1.11 sample graphics configuration
)
Package graphics Info: Driver file: pdftex.def on input line 107.
)
\Gin@req@height=\dimen169
\Gin@req@width=\dimen170
) (C:\Users\julih\AppData\Local\Programs\MiKTeX\tex/latex/base\inputenc.sty
Package: inputenc 2021/02/14 v1.3d Input encoding file
\inpenc@prehook=\toks21
\inpenc@posthook=\toks22
) (C:\Users\julih\AppData\Local\Programs\MiKTeX\tex/generic/babel\babel.sty
Package: babel 2021/07/22 3.63 The Babel package

(C:\Users\julih\AppData\Local\Programs\MiKTeX\tex/generic/babel\babel.def
File: babel.def 2021/07/22 3.63 Babel common definitions
\babel@savecnt=\count290
\U@D=\dimen171
\l@unhyphenated=\language79

(C:\Users\julih\AppData\Local\Programs\MiKTeX\tex/generic/babel\txtbabel.def)
\bbl@readstream=\read2
)
\bbl@dirlevel=\count291

*************************************
* Local config file bblopts.cfg used
*
(C:\Users\julih\AppData\Local\Programs\MiKTeX\tex/latex/arabi\bblopts.cfg
File: bblopts.cfg 2005/09/08 v0.1 add Arabic and Farsi to "declared" options of
 babel
)
(C:\Users\julih\AppData\Local\Programs\MiKTeX\tex/latex/babel-spanish\spanish.l
df
Language: spanish.ldf 2021/05/27 v5.0q Spanish support from the babel system
\es@quottoks=\toks23
\es@quotdepth=\count292
Package babel Info: Making " an active character on input line 570.
)) (C:\Users\julih\AppData\Local\Programs\MiKTeX\tex/latex/base\fontenc.sty
Package: fontenc 2021/04/29 v2.0v Standard LaTeX package
)
(C:\Users\julih\AppData\Local\Programs\MiKTeX\tex/latex/amsmath\amsmath.sty
Package: amsmath 2021/04/20 v2.17j AMS math features
\@mathmargin=\skip93

For additional information on amsmath, use the `?' option.
(C:\Users\julih\AppData\Local\Programs\MiKTeX\tex/latex/amsmath\amstext.sty
Package: amstext 2000/06/29 v2.01 AMS text

(C:\Users\julih\AppData\Local\Programs\MiKTeX\tex/latex/amsmath\amsgen.sty
File: amsgen.sty 1999/11/30 v2.0 generic functions
\@emptytoks=\toks24
\ex@=\dimen172
))
(C:\Users\julih\AppData\Local\Programs\MiKTeX\tex/latex/amsmath\amsbsy.sty
Package: amsbsy 1999/11/29 v1.2d Bold Symbols
\pmbraise@=\dimen173
)
(C:\Users\julih\AppData\Local\Programs\MiKTeX\tex/latex/amsmath\amsopn.sty
Package: amsopn 2016/03/08 v2.02 operator names
)
\inf@bad=\count293
LaTeX Info: Redefining \frac on input line 234.
\uproot@=\count294
\leftroot@=\count295
LaTeX Info: Redefining \overline on input line 399.
\classnum@=\count296
\DOTSCASE@=\count297
LaTeX Info: Redefining \ldots on input line 496.
LaTeX Info: Redefining \dots on input line 499.
LaTeX Info: Redefining \cdots on input line 620.
\Mathstrutbox@=\box100
\strutbox@=\box101
\big@size=\dimen174
LaTeX Font Info:    Redeclaring font encoding OML on input line 743.
LaTeX Font Info:    Redeclaring font encoding OMS on input line 744.
\macc@depth=\count298
\c@MaxMatrixCols=\count299
\dotsspace@=\muskip17
\c@parentequation=\count300
\dspbrk@lvl=\count301
\tag@help=\toks25
\row@=\count302
\column@=\count303
\maxfields@=\count304
\andhelp@=\toks26
\eqnshift@=\dimen175
\alignsep@=\dimen176
\tagshift@=\dimen177
\tagwidth@=\dimen178
\totwidth@=\dimen179
\lineht@=\dimen180
\@envbody=\toks27
\multlinegap=\skip94
\multlinetaggap=\skip95
\mathdisplay@stack=\toks28
LaTeX Info: Redefining \[ on input line 2923.
LaTeX Info: Redefining \] on input line 2924.
)
(C:\Users\julih\AppData\Local\Programs\MiKTeX\tex/latex/amsfonts\amssymb.sty
Package: amssymb 2013/01/14 v3.01 AMS font symbols

(C:\Users\julih\AppData\Local\Programs\MiKTeX\tex/latex/amsfonts\amsfonts.sty
Package: amsfonts 2013/01/14 v3.01 Basic AMSFonts support
\symAMSa=\mathgroup5
\symAMSb=\mathgroup6
LaTeX Font Info:    Redeclaring math symbol \hbar on input line 98.
LaTeX Font Info:    Overwriting math alphabet `\mathfrak' in version `bold'
(Font)                  U/euf/m/n --> U/euf/b/n on input line 106.
)) (C:\Users\julih\AppData\Local\Programs\MiKTeX\tex/latex/jknappen\mathrsfs.st
y
Package: mathrsfs 1996/01/01 Math RSFS package v1.0 (jk)
\symrsfs=\mathgroup7
) (C:\Users\julih\AppData\Local\Programs\MiKTeX\tex/latex/yfonts\yfonts.sty
Package: yfonts 2019/04/04 v1.4 (WaS&NP)
Now handling font encoding LY ...
... no UTF-8 mapping file for font encoding LY
Now handling font encoding LYG ...
... no UTF-8 mapping file for font encoding LYG
LaTeX Info: Composite with undeclared \" in encoding LYG on input line 58.
)
(C:\Users\julih\AppData\Local\Programs\MiKTeX\tex/latex/tools\enumerate.sty
Package: enumerate 2015/07/23 v3.00 enumerate extensions (DPC)
\@enLab=\toks29
)
(C:\Users\julih\AppData\Local\Programs\MiKTeX\tex/latex/mathtools\mathtools.sty
Package: mathtools 2021/04/12 v1.27 mathematical typesetting tools
(C:\Users\julih\AppData\Local\Programs\MiKTeX\tex/latex/mathtools\mhsetup.sty
Package: mhsetup 2021/03/18 v1.4 programming setup (MH)
)
LaTeX Info: Thecontrolsequence`\('isalreadyrobust on input line 130.
LaTeX Info: Thecontrolsequence`\)'isalreadyrobust on input line 130.
LaTeX Info: Thecontrolsequence`\['isalreadyrobust on input line 130.
LaTeX Info: Thecontrolsequence`\]'isalreadyrobust on input line 130.
\g_MT_multlinerow_int=\count305
\l_MT_multwidth_dim=\dimen181
\origjot=\skip96
\l_MT_shortvdotswithinadjustabove_dim=\dimen182
\l_MT_shortvdotswithinadjustbelow_dim=\dimen183
\l_MT_above_intertext_sep=\dimen184
\l_MT_below_intertext_sep=\dimen185
\l_MT_above_shortintertext_sep=\dimen186
\l_MT_below_shortintertext_sep=\dimen187
\xmathstrut@box=\box102
\xmathstrut@dim=\dimen188
) (C:\Users\julih\AppData\Local\Programs\MiKTeX\tex/latex/lm\lmodern.sty
Package: lmodern 2009/10/30 v1.6 Latin Modern Fonts
LaTeX Font Info:    Overwriting symbol font `operators' in version `normal'
(Font)                  OT1/pplx/m/n --> OT1/lmr/m/n on input line 22.
LaTeX Font Info:    Overwriting symbol font `letters' in version `normal'
(Font)                  OML/zplm/m/it --> OML/lmm/m/it on input line 23.
LaTeX Font Info:    Overwriting symbol font `symbols' in version `normal'
(Font)                  OMS/zplm/m/n --> OMS/lmsy/m/n on input line 24.
LaTeX Font Info:    Overwriting symbol font `largesymbols' in version `normal'
(Font)                  OMX/zplm/m/n --> OMX/lmex/m/n on input line 25.
LaTeX Font Info:    Overwriting symbol font `operators' in version `bold'
(Font)                  OT1/pplx/b/n --> OT1/lmr/bx/n on input line 26.
LaTeX Font Info:    Overwriting symbol font `letters' in version `bold'
(Font)                  OML/zplm/b/it --> OML/lmm/b/it on input line 27.
LaTeX Font Info:    Overwriting symbol font `symbols' in version `bold'
(Font)                  OMS/zplm/b/n --> OMS/lmsy/b/n on input line 28.
LaTeX Font Info:    Overwriting symbol font `largesymbols' in version `bold'
(Font)                  OMX/zplm/m/n --> OMX/lmex/m/n on input line 29.
LaTeX Font Info:    Overwriting math alphabet `\mathbf' in version `normal'
(Font)                  OT1/zplm/b/n --> OT1/lmr/bx/n on input line 31.
LaTeX Font Info:    Overwriting math alphabet `\mathsf' in version `normal'
(Font)                  OT1/cmss/m/n --> OT1/lmss/m/n on input line 32.
LaTeX Font Info:    Overwriting math alphabet `\mathit' in version `normal'
(Font)                  OT1/pplx/m/it --> OT1/lmr/m/it on input line 33.
LaTeX Font Info:    Overwriting math alphabet `\mathtt' in version `normal'
(Font)                  OT1/cmtt/m/n --> OT1/lmtt/m/n on input line 34.
LaTeX Font Info:    Overwriting math alphabet `\mathbf' in version `bold'
(Font)                  OT1/zplm/b/n --> OT1/lmr/bx/n on input line 35.
LaTeX Font Info:    Overwriting math alphabet `\mathsf' in version `bold'
(Font)                  OT1/cmss/bx/n --> OT1/lmss/bx/n on input line 36.
LaTeX Font Info:    Overwriting math alphabet `\mathit' in version `bold'
(Font)                  OT1/pplx/b/it --> OT1/lmr/bx/it on input line 37.
LaTeX Font Info:    Overwriting math alphabet `\mathtt' in version `bold'
(Font)                  OT1/cmtt/m/n --> OT1/lmtt/m/n on input line 38.
)
(C:\Users\julih\AppData\Local\Programs\MiKTeX\tex/latex/fancyvrb\fancyvrb.sty
Package: fancyvrb 2021/08/12 v3.8 verbatim text (tvz,hv)
\FV@CodeLineNo=\count306
\FV@InFile=\read3
\FV@TabBox=\box103
\c@FancyVerbLine=\count307
\FV@StepNumber=\count308
\FV@OutFile=\write3
)
(C:\Users\julih\AppData\Local\Programs\MiKTeX\tex/latex/wrapfig\wrapfig.sty
\wrapoverhang=\dimen189
\WF@size=\dimen190
\c@WF@wrappedlines=\count309
\WF@box=\box104
\WF@everypar=\toks30
Package: wrapfig 2003/01/31  v 3.6
)
(C:\Users\julih\AppData\Local\Programs\MiKTeX\tex/latex/floatflt\floatflt.sty
Package: floatflt 1997/07/16 v. 1.31
\c@OptionTest=\count310
\figbox=\box105
\tabbox=\box106
\pagebox=\box107
\ffigcount=\count311
\ftabcount=\count312
\fftest=\count313
\hangcount=\count314
\nosuccesstryfig=\count315
\nosuccesstrytab=\count316
\figgutter=\dimen191
\tabgutter=\dimen192
\htdone=\dimen193
\pageht=\dimen194
\startpageht=\dimen195
\tabbredd=\dimen196
\floatfltwidth=\dimen197
\fltitemwidth=\dimen198
\outputpretest=\toks31
)
(C:\Users\julih\AppData\Local\Programs\MiKTeX\tex/latex/filecontents\fileconten
ts.sty
Package: filecontents 2019/09/20 v1.5 Create an external file from within a LaT
eX document


Package filecontents Warning: This package is obsolete. Disabling it and
(filecontents)                passing control to the filecontents environment
(filecontents)                defined by the LaTeX kernel.

) (C:\Users\julih\AppData\Local\Programs\MiKTeX\tex/latex/booktabs\booktabs.sty
Package: booktabs 2020/01/12 v1.61803398 Publication quality tables
\heavyrulewidth=\dimen199
\lightrulewidth=\dimen256
\cmidrulewidth=\dimen257
\belowrulesep=\dimen258
\belowbottomsep=\dimen259
\aboverulesep=\dimen260
\abovetopsep=\dimen261
\cmidrulesep=\dimen262
\cmidrulekern=\dimen263
\defaultaddspace=\dimen264
\@cmidla=\count317
\@cmidlb=\count318
\@aboverulesep=\dimen265
\@belowrulesep=\dimen266
\@thisruleclass=\count319
\@lastruleclass=\count320
\@thisrulewidth=\dimen267
) (C:\Users\julih\AppData\Local\Programs\MiKTeX\tex/latex/mdframed\mdframed.sty
Package: mdframed 2013/07/01 1.9b: mdframed

(C:\Users\julih\AppData\Local\Programs\MiKTeX\tex/latex/l3packages/xparse\xpars
e.sty
(C:\Users\julih\AppData\Local\Programs\MiKTeX\tex/latex/l3kernel\expl3.sty
Package: expl3 2021-08-27 L3 programming layer (loader) 

(C:\Users\julih\AppData\Local\Programs\MiKTeX\tex/latex/l3backend\l3backend-pdf
tex.def
File: l3backend-pdftex.def 2021-08-04 L3 backend support: PDF output (pdfTeX)
\l__color_backend_stack_int=\count321
\l__pdf_internal_box=\box108
))
Package: xparse 2021-08-27 L3 Experimental document command parser
)
(C:\Users\julih\AppData\Local\Programs\MiKTeX\tex/latex/etoolbox\etoolbox.sty
Package: etoolbox 2020/10/05 v2.5k e-TeX tools for LaTeX (JAW)
\etb@tempcnta=\count322
)
(C:\Users\julih\AppData\Local\Programs\MiKTeX\tex/latex/zref\zref-abspage.sty
Package: zref-abspage 2020-07-03 v2.32 Module abspage for zref (HO)

(C:\Users\julih\AppData\Local\Programs\MiKTeX\tex/latex/zref\zref-base.sty
Package: zref-base 2020-07-03 v2.32 Module base for zref (HO)
Package zref Info: New property list: main on input line 764.
Package zref Info: New property: default on input line 765.
Package zref Info: New property: page on input line 766.
)
\c@abspage=\count323
Package zref Info: New property: abspage on input line 66.
)
(C:\Users\julih\AppData\Local\Programs\MiKTeX\tex/latex/needspace\needspace.sty
Package: needspace 2010/09/12 v1.3d reserve vertical space
)
\mdf@templength=\skip97
\c@mdf@globalstyle@cnt=\count324
\mdf@skipabove@length=\skip98
\mdf@skipbelow@length=\skip99
\mdf@leftmargin@length=\skip100
\mdf@rightmargin@length=\skip101
\mdf@innerleftmargin@length=\skip102
\mdf@innerrightmargin@length=\skip103
\mdf@innertopmargin@length=\skip104
\mdf@innerbottommargin@length=\skip105
\mdf@splittopskip@length=\skip106
\mdf@splitbottomskip@length=\skip107
\mdf@outermargin@length=\skip108
\mdf@innermargin@length=\skip109
\mdf@linewidth@length=\skip110
\mdf@innerlinewidth@length=\skip111
\mdf@middlelinewidth@length=\skip112
\mdf@outerlinewidth@length=\skip113
\mdf@roundcorner@length=\skip114
\mdf@footenotedistance@length=\skip115
\mdf@userdefinedwidth@length=\skip116
\mdf@needspace@length=\skip117
\mdf@frametitleaboveskip@length=\skip118
\mdf@frametitlebelowskip@length=\skip119
\mdf@frametitlerulewidth@length=\skip120
\mdf@frametitleleftmargin@length=\skip121
\mdf@frametitlerightmargin@length=\skip122
\mdf@shadowsize@length=\skip123
\mdf@extratopheight@length=\skip124
\mdf@subtitleabovelinewidth@length=\skip125
\mdf@subtitlebelowlinewidth@length=\skip126
\mdf@subtitleaboveskip@length=\skip127
\mdf@subtitlebelowskip@length=\skip128
\mdf@subtitleinneraboveskip@length=\skip129
\mdf@subtitleinnerbelowskip@length=\skip130
\mdf@subsubtitleabovelinewidth@length=\skip131
\mdf@subsubtitlebelowlinewidth@length=\skip132
\mdf@subsubtitleaboveskip@length=\skip133
\mdf@subsubtitlebelowskip@length=\skip134
\mdf@subsubtitleinneraboveskip@length=\skip135
\mdf@subsubtitleinnerbelowskip@length=\skip136

(C:\Users\julih\AppData\Local\Programs\MiKTeX\tex/latex/mdframed\md-frame-0.mdf
File: md-frame-0.mdf 2013/07/01\ 1.9b: md-frame-0
)
\mdf@frametitlebox=\box109
\mdf@footnotebox=\box110
\mdf@splitbox@one=\box111
\mdf@splitbox@two=\box112
\mdf@splitbox@save=\box113
\mdfsplitboxwidth=\skip137
\mdfsplitboxtotalwidth=\skip138
\mdfsplitboxheight=\skip139
\mdfsplitboxdepth=\skip140
\mdfsplitboxtotalheight=\skip141
\mdfframetitleboxwidth=\skip142
\mdfframetitleboxtotalwidth=\skip143
\mdfframetitleboxheight=\skip144
\mdfframetitleboxdepth=\skip145
\mdfframetitleboxtotalheight=\skip146
\mdffootnoteboxwidth=\skip147
\mdffootnoteboxtotalwidth=\skip148
\mdffootnoteboxheight=\skip149
\mdffootnoteboxdepth=\skip150
\mdffootnoteboxtotalheight=\skip151
\mdftotallinewidth=\skip152
\mdfboundingboxwidth=\skip153
\mdfboundingboxtotalwidth=\skip154
\mdfboundingboxheight=\skip155
\mdfboundingboxdepth=\skip156
\mdfboundingboxtotalheight=\skip157
\mdf@freevspace@length=\skip158
\mdf@horizontalwidthofbox@length=\skip159
\mdf@verticalmarginwhole@length=\skip160
\mdf@horizontalspaceofbox=\skip161
\mdfsubtitleheight=\skip162
\mdfsubsubtitleheight=\skip163
\c@mdfcountframes=\count325

****** mdframed patching \endmdf@trivlist

****** -- success******

\mdf@envdepth=\count326
\c@mdf@env@i=\count327
\c@mdf@env@ii=\count328
\c@mdf@zref@counter=\count329
Package zref Info: New property: mdf@pagevalue on input line 895.
)
(C:\Users\julih\AppData\Local\Programs\MiKTeX\tex/latex/pgf/frontendlayer\tikz.
sty
(C:\Users\julih\AppData\Local\Programs\MiKTeX\tex/latex/pgf/basiclayer\pgf.sty
(C:\Users\julih\AppData\Local\Programs\MiKTeX\tex/latex/pgf/utilities\pgfrcs.st
y
(C:\Users\julih\AppData\Local\Programs\MiKTeX\tex/generic/pgf/utilities\pgfutil
-common.tex
\pgfutil@everybye=\toks32
\pgfutil@tempdima=\dimen268
\pgfutil@tempdimb=\dimen269

(C:\Users\julih\AppData\Local\Programs\MiKTeX\tex/generic/pgf/utilities\pgfutil
-common-lists.tex))
(C:\Users\julih\AppData\Local\Programs\MiKTeX\tex/generic/pgf/utilities\pgfutil
-latex.def
\pgfutil@abb=\box114
)
(C:\Users\julih\AppData\Local\Programs\MiKTeX\tex/generic/pgf/utilities\pgfrcs.
code.tex
(C:\Users\julih\AppData\Local\Programs\MiKTeX\tex/generic/pgf\pgf.revision.tex)
Package: pgfrcs 2021/05/15 v3.1.9a (3.1.9a)
))
Package: pgf 2021/05/15 v3.1.9a (3.1.9a)

(C:\Users\julih\AppData\Local\Programs\MiKTeX\tex/latex/pgf/basiclayer\pgfcore.
sty
(C:\Users\julih\AppData\Local\Programs\MiKTeX\tex/latex/pgf/systemlayer\pgfsys.
sty
(C:\Users\julih\AppData\Local\Programs\MiKTeX\tex/generic/pgf/systemlayer\pgfsy
s.code.tex
Package: pgfsys 2021/05/15 v3.1.9a (3.1.9a)

(C:\Users\julih\AppData\Local\Programs\MiKTeX\tex/generic/pgf/utilities\pgfkeys
.code.tex
\pgfkeys@pathtoks=\toks33
\pgfkeys@temptoks=\toks34

(C:\Users\julih\AppData\Local\Programs\MiKTeX\tex/generic/pgf/utilities\pgfkeys
filtered.code.tex
\pgfkeys@tmptoks=\toks35
))
\pgf@x=\dimen270
\pgf@y=\dimen271
\pgf@xa=\dimen272
\pgf@ya=\dimen273
\pgf@xb=\dimen274
\pgf@yb=\dimen275
\pgf@xc=\dimen276
\pgf@yc=\dimen277
\pgf@xd=\dimen278
\pgf@yd=\dimen279
\w@pgf@writea=\write4
\r@pgf@reada=\read4
\c@pgf@counta=\count330
\c@pgf@countb=\count331
\c@pgf@countc=\count332
\c@pgf@countd=\count333
\t@pgf@toka=\toks36
\t@pgf@tokb=\toks37
\t@pgf@tokc=\toks38
\pgf@sys@id@count=\count334

(C:\Users\julih\AppData\Local\Programs\MiKTeX\tex/generic/pgf/systemlayer\pgf.c
fg
File: pgf.cfg 2021/05/15 v3.1.9a (3.1.9a)
)
Driver file for pgf: pgfsys-pdftex.def

(C:\Users\julih\AppData\Local\Programs\MiKTeX\tex/generic/pgf/systemlayer\pgfsy
s-pdftex.def
File: pgfsys-pdftex.def 2021/05/15 v3.1.9a (3.1.9a)

(C:\Users\julih\AppData\Local\Programs\MiKTeX\tex/generic/pgf/systemlayer\pgfsy
s-common-pdf.def
File: pgfsys-common-pdf.def 2021/05/15 v3.1.9a (3.1.9a)
)))
(C:\Users\julih\AppData\Local\Programs\MiKTeX\tex/generic/pgf/systemlayer\pgfsy
ssoftpath.code.tex
File: pgfsyssoftpath.code.tex 2021/05/15 v3.1.9a (3.1.9a)
\pgfsyssoftpath@smallbuffer@items=\count335
\pgfsyssoftpath@bigbuffer@items=\count336
)
(C:\Users\julih\AppData\Local\Programs\MiKTeX\tex/generic/pgf/systemlayer\pgfsy
sprotocol.code.tex
File: pgfsysprotocol.code.tex 2021/05/15 v3.1.9a (3.1.9a)
))
(C:\Users\julih\AppData\Local\Programs\MiKTeX\tex/generic/pgf/basiclayer\pgfcor
e.code.tex
Package: pgfcore 2021/05/15 v3.1.9a (3.1.9a)

(C:\Users\julih\AppData\Local\Programs\MiKTeX\tex/generic/pgf/math\pgfmath.code
.tex
(C:\Users\julih\AppData\Local\Programs\MiKTeX\tex/generic/pgf/math\pgfmathcalc.
code.tex
(C:\Users\julih\AppData\Local\Programs\MiKTeX\tex/generic/pgf/math\pgfmathutil.
code.tex)
(C:\Users\julih\AppData\Local\Programs\MiKTeX\tex/generic/pgf/math\pgfmathparse
r.code.tex
\pgfmath@dimen=\dimen280
\pgfmath@count=\count337
\pgfmath@box=\box115
\pgfmath@toks=\toks39
\pgfmath@stack@operand=\toks40
\pgfmath@stack@operation=\toks41
)
(C:\Users\julih\AppData\Local\Programs\MiKTeX\tex/generic/pgf/math\pgfmathfunct
ions.code.tex
(C:\Users\julih\AppData\Local\Programs\MiKTeX\tex/generic/pgf/math\pgfmathfunct
ions.basic.code.tex)
(C:\Users\julih\AppData\Local\Programs\MiKTeX\tex/generic/pgf/math\pgfmathfunct
ions.trigonometric.code.tex)
(C:\Users\julih\AppData\Local\Programs\MiKTeX\tex/generic/pgf/math\pgfmathfunct
ions.random.code.tex)
(C:\Users\julih\AppData\Local\Programs\MiKTeX\tex/generic/pgf/math\pgfmathfunct
ions.comparison.code.tex)
(C:\Users\julih\AppData\Local\Programs\MiKTeX\tex/generic/pgf/math\pgfmathfunct
ions.base.code.tex)
(C:\Users\julih\AppData\Local\Programs\MiKTeX\tex/generic/pgf/math\pgfmathfunct
ions.round.code.tex)
(C:\Users\julih\AppData\Local\Programs\MiKTeX\tex/generic/pgf/math\pgfmathfunct
ions.misc.code.tex)
(C:\Users\julih\AppData\Local\Programs\MiKTeX\tex/generic/pgf/math\pgfmathfunct
ions.integerarithmetics.code.tex)))
(C:\Users\julih\AppData\Local\Programs\MiKTeX\tex/generic/pgf/math\pgfmathfloat
.code.tex
\c@pgfmathroundto@lastzeros=\count338
))
(C:\Users\julih\AppData\Local\Programs\MiKTeX\tex/generic/pgf/math\pgfint.code.
tex)
(C:\Users\julih\AppData\Local\Programs\MiKTeX\tex/generic/pgf/basiclayer\pgfcor
epoints.code.tex
File: pgfcorepoints.code.tex 2021/05/15 v3.1.9a (3.1.9a)
\pgf@picminx=\dimen281
\pgf@picmaxx=\dimen282
\pgf@picminy=\dimen283
\pgf@picmaxy=\dimen284
\pgf@pathminx=\dimen285
\pgf@pathmaxx=\dimen286
\pgf@pathminy=\dimen287
\pgf@pathmaxy=\dimen288
\pgf@xx=\dimen289
\pgf@xy=\dimen290
\pgf@yx=\dimen291
\pgf@yy=\dimen292
\pgf@zx=\dimen293
\pgf@zy=\dimen294
)
(C:\Users\julih\AppData\Local\Programs\MiKTeX\tex/generic/pgf/basiclayer\pgfcor
epathconstruct.code.tex
File: pgfcorepathconstruct.code.tex 2021/05/15 v3.1.9a (3.1.9a)
\pgf@path@lastx=\dimen295
\pgf@path@lasty=\dimen296
)
(C:\Users\julih\AppData\Local\Programs\MiKTeX\tex/generic/pgf/basiclayer\pgfcor
epathusage.code.tex
File: pgfcorepathusage.code.tex 2021/05/15 v3.1.9a (3.1.9a)
\pgf@shorten@end@additional=\dimen297
\pgf@shorten@start@additional=\dimen298
)
(C:\Users\julih\AppData\Local\Programs\MiKTeX\tex/generic/pgf/basiclayer\pgfcor
escopes.code.tex
File: pgfcorescopes.code.tex 2021/05/15 v3.1.9a (3.1.9a)
\pgfpic=\box116
\pgf@hbox=\box117
\pgf@layerbox@main=\box118
\pgf@picture@serial@count=\count339
)
(C:\Users\julih\AppData\Local\Programs\MiKTeX\tex/generic/pgf/basiclayer\pgfcor
egraphicstate.code.tex
File: pgfcoregraphicstate.code.tex 2021/05/15 v3.1.9a (3.1.9a)
\pgflinewidth=\dimen299
)
(C:\Users\julih\AppData\Local\Programs\MiKTeX\tex/generic/pgf/basiclayer\pgfcor
etransformations.code.tex
File: pgfcoretransformations.code.tex 2021/05/15 v3.1.9a (3.1.9a)
\pgf@pt@x=\dimen300
\pgf@pt@y=\dimen301
\pgf@pt@temp=\dimen302
)
(C:\Users\julih\AppData\Local\Programs\MiKTeX\tex/generic/pgf/basiclayer\pgfcor
equick.code.tex
File: pgfcorequick.code.tex 2021/05/15 v3.1.9a (3.1.9a)
)
(C:\Users\julih\AppData\Local\Programs\MiKTeX\tex/generic/pgf/basiclayer\pgfcor
eobjects.code.tex
File: pgfcoreobjects.code.tex 2021/05/15 v3.1.9a (3.1.9a)
)
(C:\Users\julih\AppData\Local\Programs\MiKTeX\tex/generic/pgf/basiclayer\pgfcor
epathprocessing.code.tex
File: pgfcorepathprocessing.code.tex 2021/05/15 v3.1.9a (3.1.9a)
)
(C:\Users\julih\AppData\Local\Programs\MiKTeX\tex/generic/pgf/basiclayer\pgfcor
earrows.code.tex
File: pgfcorearrows.code.tex 2021/05/15 v3.1.9a (3.1.9a)
\pgfarrowsep=\dimen303
)
(C:\Users\julih\AppData\Local\Programs\MiKTeX\tex/generic/pgf/basiclayer\pgfcor
eshade.code.tex
File: pgfcoreshade.code.tex 2021/05/15 v3.1.9a (3.1.9a)
\pgf@max=\dimen304
\pgf@sys@shading@range@num=\count340
\pgf@shadingcount=\count341
)
(C:\Users\julih\AppData\Local\Programs\MiKTeX\tex/generic/pgf/basiclayer\pgfcor
eimage.code.tex
File: pgfcoreimage.code.tex 2021/05/15 v3.1.9a (3.1.9a)

(C:\Users\julih\AppData\Local\Programs\MiKTeX\tex/generic/pgf/basiclayer\pgfcor
eexternal.code.tex
File: pgfcoreexternal.code.tex 2021/05/15 v3.1.9a (3.1.9a)
\pgfexternal@startupbox=\box119
))
(C:\Users\julih\AppData\Local\Programs\MiKTeX\tex/generic/pgf/basiclayer\pgfcor
elayers.code.tex
File: pgfcorelayers.code.tex 2021/05/15 v3.1.9a (3.1.9a)
)
(C:\Users\julih\AppData\Local\Programs\MiKTeX\tex/generic/pgf/basiclayer\pgfcor
etransparency.code.tex
File: pgfcoretransparency.code.tex 2021/05/15 v3.1.9a (3.1.9a)
)
(C:\Users\julih\AppData\Local\Programs\MiKTeX\tex/generic/pgf/basiclayer\pgfcor
epatterns.code.tex
File: pgfcorepatterns.code.tex 2021/05/15 v3.1.9a (3.1.9a)
)
(C:\Users\julih\AppData\Local\Programs\MiKTeX\tex/generic/pgf/basiclayer\pgfcor
erdf.code.tex
File: pgfcorerdf.code.tex 2021/05/15 v3.1.9a (3.1.9a)
)))
(C:\Users\julih\AppData\Local\Programs\MiKTeX\tex/generic/pgf/modules\pgfmodule
shapes.code.tex
File: pgfmoduleshapes.code.tex 2021/05/15 v3.1.9a (3.1.9a)
\pgfnodeparttextbox=\box120
)
(C:\Users\julih\AppData\Local\Programs\MiKTeX\tex/generic/pgf/modules\pgfmodule
plot.code.tex
File: pgfmoduleplot.code.tex 2021/05/15 v3.1.9a (3.1.9a)
)
(C:\Users\julih\AppData\Local\Programs\MiKTeX\tex/latex/pgf/compatibility\pgfco
mp-version-0-65.sty
Package: pgfcomp-version-0-65 2021/05/15 v3.1.9a (3.1.9a)
\pgf@nodesepstart=\dimen305
\pgf@nodesepend=\dimen306
)
(C:\Users\julih\AppData\Local\Programs\MiKTeX\tex/latex/pgf/compatibility\pgfco
mp-version-1-18.sty
Package: pgfcomp-version-1-18 2021/05/15 v3.1.9a (3.1.9a)
))
(C:\Users\julih\AppData\Local\Programs\MiKTeX\tex/latex/pgf/utilities\pgffor.st
y
(C:\Users\julih\AppData\Local\Programs\MiKTeX\tex/latex/pgf/utilities\pgfkeys.s
ty
(C:\Users\julih\AppData\Local\Programs\MiKTeX\tex/generic/pgf/utilities\pgfkeys
.code.tex))
(C:\Users\julih\AppData\Local\Programs\MiKTeX\tex/latex/pgf/math\pgfmath.sty
(C:\Users\julih\AppData\Local\Programs\MiKTeX\tex/generic/pgf/math\pgfmath.code
.tex))
(C:\Users\julih\AppData\Local\Programs\MiKTeX\tex/generic/pgf/utilities\pgffor.
code.tex
Package: pgffor 2021/05/15 v3.1.9a (3.1.9a)

(C:\Users\julih\AppData\Local\Programs\MiKTeX\tex/generic/pgf/math\pgfmath.code
.tex)
\pgffor@iter=\dimen307
\pgffor@skip=\dimen308
\pgffor@stack=\toks42
\pgffor@toks=\toks43
))
(C:\Users\julih\AppData\Local\Programs\MiKTeX\tex/generic/pgf/frontendlayer/tik
z\tikz.code.tex
Package: tikz 2021/05/15 v3.1.9a (3.1.9a)

(C:\Users\julih\AppData\Local\Programs\MiKTeX\tex/generic/pgf/libraries\pgflibr
aryplothandlers.code.tex
File: pgflibraryplothandlers.code.tex 2021/05/15 v3.1.9a (3.1.9a)
\pgf@plot@mark@count=\count342
\pgfplotmarksize=\dimen309
)
\tikz@lastx=\dimen310
\tikz@lasty=\dimen311
\tikz@lastxsaved=\dimen312
\tikz@lastysaved=\dimen313
\tikz@lastmovetox=\dimen314
\tikz@lastmovetoy=\dimen315
\tikzleveldistance=\dimen316
\tikzsiblingdistance=\dimen317
\tikz@figbox=\box121
\tikz@figbox@bg=\box122
\tikz@tempbox=\box123
\tikz@tempbox@bg=\box124
\tikztreelevel=\count343
\tikznumberofchildren=\count344
\tikznumberofcurrentchild=\count345
\tikz@fig@count=\count346

(C:\Users\julih\AppData\Local\Programs\MiKTeX\tex/generic/pgf/modules\pgfmodule
matrix.code.tex
File: pgfmodulematrix.code.tex 2021/05/15 v3.1.9a (3.1.9a)
\pgfmatrixcurrentrow=\count347
\pgfmatrixcurrentcolumn=\count348
\pgf@matrix@numberofcolumns=\count349
)
\tikz@expandcount=\count350

(C:\Users\julih\AppData\Local\Programs\MiKTeX\tex/generic/pgf/frontendlayer/tik
z/libraries\tikzlibrarytopaths.code.tex
File: tikzlibrarytopaths.code.tex 2021/05/15 v3.1.9a (3.1.9a)
)))
(C:\Users\julih\AppData\Local\Programs\MiKTeX\tex/latex/amscls\amsthm.sty
Package: amsthm 2020/05/29 v2.20.6
\thm@style=\toks44
\thm@bodyfont=\toks45
\thm@headfont=\toks46
\thm@notefont=\toks47
\thm@headpunct=\toks48
\thm@preskip=\skip164
\thm@postskip=\skip165
\thm@headsep=\skip166
\dth@everypar=\toks49
)
(C:\Users\julih\AppData\Local\Programs\MiKTeX\tex/latex/listings\listings.sty
\lst@mode=\count351
\lst@gtempboxa=\box125
\lst@token=\toks50
\lst@length=\count352
\lst@currlwidth=\dimen318
\lst@column=\count353
\lst@pos=\count354
\lst@lostspace=\dimen319
\lst@width=\dimen320
\lst@newlines=\count355
\lst@lineno=\count356
\lst@maxwidth=\dimen321

(C:\Users\julih\AppData\Local\Programs\MiKTeX\tex/latex/listings\lstmisc.sty
File: lstmisc.sty 2020/03/24 1.8d (Carsten Heinz)
\c@lstnumber=\count357
\lst@skipnumbers=\count358
\lst@framebox=\box126
)
(C:\Users\julih\AppData\Local\Programs\MiKTeX\tex/latex/listings\listings.cfg
File: listings.cfg 2020/03/24 1.8d listings configuration
))
Package: listings 2020/03/24 1.8d (Carsten Heinz)
(C:\Users\julih\AppData\Local\Programs\MiKTeX\tex/latex/units\units.sty
Package: units 1998/08/04 v0.9b Typesetting units

(C:\Users\julih\AppData\Local\Programs\MiKTeX\tex/latex/units\nicefrac.sty
Package: nicefrac 1998/08/04 v0.9b Nice fractions
\L@UnitsRaiseDisplaystyle=\skip167
\L@UnitsRaiseTextstyle=\skip168
\L@UnitsRaiseScriptstyle=\skip169
))
(C:\Users\julih\AppData\Local\Programs\MiKTeX\tex/latex/tex-gyre\tgbonum.sty
Package: tgbonum 2009/09/27 v1.2 TeX Gyre Bonum as default roman family
)
(C:\Users\julih\AppData\Local\Programs\MiKTeX\tex/generic/pgf/frontendlayer/tik
z/libraries\tikzlibrarymatrix.code.tex
File: tikzlibrarymatrix.code.tex 2021/05/15 v3.1.9a (3.1.9a)
)
(C:\Users\julih\AppData\Local\Programs\MiKTeX\tex/generic/pgf/frontendlayer/tik
z/libraries\tikzlibraryarrows.code.tex
File: tikzlibraryarrows.code.tex 2021/05/15 v3.1.9a (3.1.9a)

(C:\Users\julih\AppData\Local\Programs\MiKTeX\tex/generic/pgf/libraries\pgflibr
aryarrows.code.tex
File: pgflibraryarrows.code.tex 2021/05/15 v3.1.9a (3.1.9a)
\arrowsize=\dimen322
))
(C:\Users\julih\AppData\Local\Programs\MiKTeX\tex/generic/pgf/frontendlayer/tik
z/libraries\tikzlibrarydecorations.pathmorphing.code.tex
(C:\Users\julih\AppData\Local\Programs\MiKTeX\tex/generic/pgf/frontendlayer/tik
z/libraries\tikzlibrarydecorations.code.tex
(C:\Users\julih\AppData\Local\Programs\MiKTeX\tex/generic/pgf/modules\pgfmodule
decorations.code.tex
\pgfdecoratedcompleteddistance=\dimen323
\pgfdecoratedremainingdistance=\dimen324
\pgfdecoratedinputsegmentcompleteddistance=\dimen325
\pgfdecoratedinputsegmentremainingdistance=\dimen326
\pgf@decorate@distancetomove=\dimen327
\pgf@decorate@repeatstate=\count359
\pgfdecorationsegmentamplitude=\dimen328
\pgfdecorationsegmentlength=\dimen329
)
\tikz@lib@dec@box=\box127
)
(C:\Users\julih\AppData\Local\Programs\MiKTeX\tex/generic/pgf/libraries/decorat
ions\pgflibrarydecorations.pathmorphing.code.tex))) (_tufte.tex
(C:\Users\julih\AppData\Local\Programs\MiKTeX\tex/latex/thmtools\thmtools.sty
Package: thmtools 2020/08/01 v0.72
\thmt@toks=\toks51
\c@thmt@dummyctr=\count360

(C:\Users\julih\AppData\Local\Programs\MiKTeX\tex/latex/thmtools\thm-patch.sty
Package: thm-patch 2020/08/01 v0.72

(C:\Users\julih\AppData\Local\Programs\MiKTeX\tex/latex/thmtools\parseargs.sty
Package: parseargs 2020/08/01 v0.72
\@parsespec=\toks52
)) (C:\Users\julih\AppData\Local\Programs\MiKTeX\tex/latex/thmtools\thm-kv.sty
Package: thm-kv 2020/08/01 v0.72
Package thm-kv Info: Theorem names will be uppercased on input line 42.
Package thm-kv Info: kvsetkeys patch (v1.16 or later) on input line 158.
)
(C:\Users\julih\AppData\Local\Programs\MiKTeX\tex/latex/thmtools\thm-autoref.st
y
Package: thm-autoref 2020/08/01 v0.72
 (C:\Users\julih\AppData\Local\Programs\MiKTeX\tex/latex/thmtools\aliasctr.sty
Package: aliasctr 2020/08/01 v0.72
))
(C:\Users\julih\AppData\Local\Programs\MiKTeX\tex/latex/thmtools\thm-listof.sty
Package: thm-listof 2020/08/01 v0.72
)
(C:\Users\julih\AppData\Local\Programs\MiKTeX\tex/latex/thmtools\thm-restate.st
y
Package: thm-restate 2020/08/01 v0.72
)
(C:\Users\julih\AppData\Local\Programs\MiKTeX\tex/latex/thmtools\thm-amsthm.sty
Package: thm-amsthm 2020/08/01 v0.72
\thmt@style@headstyle=\toks53
))
Package hyperref Info: Option `colorlinks' set `true' on input line 29.
Package hyperref Info: Option `frenchlinks' set `true' on input line 29.
\c@problema=\count361
\c@resuelto=\count362
\c@ejemplo=\count363
\c@teorema=\count364
\c@proposicion=\count365
) (_comandos.tex) (_comandos_md.tex) (_comandos_trig.tex) (_comandos_pe.tex)
LaTeX Font Info:    Trying to load font information for T1+qbk on input line 15
.

(C:\Users\julih\AppData\Local\Programs\MiKTeX\tex/latex/tex-gyre\t1qbk.fd
File: t1qbk.fd 2009/09/25 v1.2 font definition file for T1/qbk
)
([Ecuaciones-Diferenciales].aux
LaTeX Info: Redefining \. on input line 23.
LaTeX Info: Redefining \% on input line 23.


LaTeX Warning: Label `bron:10.2' multiply defined.


LaTeX Warning: Label `bron:11.1' multiply defined.


LaTeX Warning: Label `bron:11.5' multiply defined.


LaTeX Warning: Label `bron:12.2' multiply defined.


LaTeX Warning: Label `bron:12.3' multiply defined.

)
\openout1 = `[Ecuaciones-Diferenciales].aux'.

LaTeX Font Info:    Checking defaults for OML/cmm/m/it on input line 15.
LaTeX Font Info:    ... okay on input line 15.
LaTeX Font Info:    Checking defaults for OMS/cmsy/m/n on input line 15.
LaTeX Font Info:    ... okay on input line 15.
LaTeX Font Info:    Checking defaults for OT1/cmr/m/n on input line 15.
LaTeX Font Info:    ... okay on input line 15.
LaTeX Font Info:    Checking defaults for T1/cmr/m/n on input line 15.
LaTeX Font Info:    ... okay on input line 15.
LaTeX Font Info:    Checking defaults for TS1/cmr/m/n on input line 15.
LaTeX Font Info:    ... okay on input line 15.
LaTeX Font Info:    Checking defaults for OMX/cmex/m/n on input line 15.
LaTeX Font Info:    ... okay on input line 15.
LaTeX Font Info:    Checking defaults for U/cmr/m/n on input line 15.
LaTeX Font Info:    ... okay on input line 15.
LaTeX Font Info:    Checking defaults for PD1/pdf/m/n on input line 15.
LaTeX Font Info:    ... okay on input line 15.
LaTeX Font Info:    Checking defaults for PU/pdf/m/n on input line 15.
LaTeX Font Info:    ... okay on input line 15.
LaTeX Font Info:    Checking defaults for LY/yfrak/m/n on input line 15.
LaTeX Font Info:    ... okay on input line 15.
LaTeX Font Info:    Checking defaults for LYG/ygoth/m/n on input line 15.
LaTeX Font Info:    ... okay on input line 15.
Package hyperref Info: Link coloring ON on input line 15.
 (C:\Users\julih\AppData\Local\Programs\MiKTeX\tex/latex/hyperref\nameref.sty
Package: nameref 2021-04-02 v2.47 Cross-referencing by name of section

(C:\Users\julih\AppData\Local\Programs\MiKTeX\tex/latex/refcount\refcount.sty
Package: refcount 2019/12/15 v3.6 Data extraction from label references (HO)
)
(C:\Users\julih\AppData\Local\Programs\MiKTeX\tex/generic/gettitlestring\gettit
lestring.sty
Package: gettitlestring 2019/12/15 v1.6 Cleanup title references (HO)
)
\c@section@level=\count366
)
LaTeX Info: Redefining \ref on input line 15.
LaTeX Info: Redefining \pageref on input line 15.
LaTeX Info: Redefining \nameref on input line 15.
 ([Ecuaciones-Diferenciales].out) ([Ecuaciones-Diferenciales].out)
\@outlinefile=\write5
\openout5 = `[Ecuaciones-Diferenciales].out'.


*geometry* driver: auto-detecting
*geometry* detected driver: pdftex
*geometry* verbose mode - [ preamble ] result:
* driver: pdftex
* paper: letterpaper
* layout: <same size as paper>
* layoutoffset:(h,v)=(0.0pt,0.0pt)
* modes: twoside asymmetric 
* h-part:(L,W,R)=(72.26999pt, 312.0pt, 230.02501pt)
* v-part:(T,H,B)=(72.26999pt, 616.0pt, 106.7pt)
* \paperwidth=614.295pt
* \paperheight=794.96999pt
* \textwidth=312.0pt
* \textheight=616.0pt
* \oddsidemargin=0.0pt
* \evensidemargin=0.0pt
* \topmargin=-42.0pt
* \headheight=14.0pt
* \headsep=28.0pt
* \topskip=10.0pt
* \footskip=25.29494pt
* \marginparwidth=144.0pt
* \marginparsep=24.0pt
* \columnsep=10.0pt
* \skip\footins=9.0pt plus 4.0pt minus 2.0pt
* \hoffset=0.0pt
* \voffset=0.0pt
* \mag=1000
* \@twocolumnfalse
* \@twosidetrue
* \@mparswitchfalse
* \@reversemarginfalse
* (1in=72.27pt=25.4mm, 1cm=28.453pt)

\langwohyphens=\language80

(C:\Users\julih\AppData\Local\Programs\MiKTeX\tex/context/base/mkii\supp-pdf.mk
ii
[Loading MPS to PDF converter (version 2006.09.02).]
\scratchcounter=\count367
\scratchdimen=\dimen330
\scratchbox=\box128
\nofMPsegments=\count368
\nofMParguments=\count369
\everyMPshowfont=\toks54
\MPscratchCnt=\count370
\MPscratchDim=\dimen331
\MPnumerator=\count371
\makeMPintoPDFobject=\count372
\everyMPtoPDFconversion=\toks55
)
(C:\Users\julih\AppData\Local\Programs\MiKTeX\tex/latex/epstopdf-pkg\epstopdf-b
ase.sty
Package: epstopdf-base 2020-01-24 v2.11 Base part for package epstopdf
Package epstopdf-base Info: Redefining graphics rule for `.eps' on input line 4
85.

(C:\Users\julih\AppData\Local\Programs\MiKTeX\tex/latex/00miktex\epstopdf-sys.c
fg
File: epstopdf-sys.cfg 2021/03/18 v2.0 Configuration of epstopdf for MiKTeX
))
LaTeX Info: Redefining \. on input line 15.
LaTeX Info: Redefining \% on input line 15.
\c@lstlisting=\count373
LaTeX Font Info:    Trying to load font information for T1+lmss on input line 1
6.
 (C:\Users\julih\AppData\Local\Programs\MiKTeX\tex/latex/lm\t1lmss.fd
File: t1lmss.fd 2009/10/30 v1.6 Font defs for Latin Modern
)
Overfull \hbox (4.30963pt too wide) in paragraph at lines 16--16
[]\T1/lmss/m/n/36/200ls ECUACIONES DI-FE-REN- 
 []

[1


{C:/Users/julih/AppData/Local/MiKTeX/pdftex/config/pdftex.map}]
LaTeX Font Info:    Trying to load font information for OT1+lmr on input line 1
7.

(C:\Users\julih\AppData\Local\Programs\MiKTeX\tex/latex/lm\ot1lmr.fd
File: ot1lmr.fd 2009/10/30 v1.6 Font defs for Latin Modern
)
LaTeX Font Info:    Trying to load font information for OML+lmm on input line 1
7.

(C:\Users\julih\AppData\Local\Programs\MiKTeX\tex/latex/lm\omllmm.fd
File: omllmm.fd 2009/10/30 v1.6 Font defs for Latin Modern
)
LaTeX Font Info:    Trying to load font information for OMS+lmsy on input line 
17.

(C:\Users\julih\AppData\Local\Programs\MiKTeX\tex/latex/lm\omslmsy.fd
File: omslmsy.fd 2009/10/30 v1.6 Font defs for Latin Modern
)
LaTeX Font Info:    Trying to load font information for OMX+lmex on input line 
17.

(C:\Users\julih\AppData\Local\Programs\MiKTeX\tex/latex/lm\omxlmex.fd
File: omxlmex.fd 2009/10/30 v1.6 Font defs for Latin Modern
)
LaTeX Font Info:    External font `lmex10' loaded for size
(Font)              <10> on input line 17.
LaTeX Font Info:    External font `lmex10' loaded for size
(Font)              <7.6> on input line 17.
LaTeX Font Info:    External font `lmex10' loaded for size
(Font)              <6> on input line 17.
LaTeX Font Info:    Trying to load font information for OT1+zplm on input line 
17.

(C:\Users\julih\AppData\Local\Programs\MiKTeX\tex/latex/psnfss\ot1zplm.fd
File: ot1zplm.fd 2002/09/08 Fontinst v1.914 font definitions for OT1/zplm.
)
LaTeX Font Info:    Font shape `U/msa/m/n' will be
(Font)              scaled to size 10.42007pt on input line 17.
LaTeX Font Info:    Font shape `U/msa/m/n' will be
(Font)              scaled to size 7.91925pt on input line 17.
LaTeX Font Info:    Font shape `U/msa/m/n' will be
(Font)              scaled to size 6.25204pt on input line 17.
LaTeX Font Info:    Font shape `U/msb/m/n' will be
(Font)              scaled to size 10.42007pt on input line 17.
LaTeX Font Info:    Font shape `U/msb/m/n' will be
(Font)              scaled to size 7.91925pt on input line 17.
LaTeX Font Info:    Font shape `U/msb/m/n' will be
(Font)              scaled to size 6.25204pt on input line 17.
LaTeX Font Info:    Trying to load font information for U+rsfs on input line 17
.

(C:\Users\julih\AppData\Local\Programs\MiKTeX\tex/latex/jknappen\ursfs.fd
File: ursfs.fd 1998/03/24 rsfs font definition file (jk)
)
LaTeX Font Info:    Trying to load font information for TS1+qbk on input line 1
9.

(C:\Users\julih\AppData\Local\Programs\MiKTeX\tex/latex/tex-gyre\ts1qbk.fd
File: ts1qbk.fd 2009/09/25 v1.2 font definition file for TS1/qbk
)
Underfull \hbox (badness 10000) in paragraph at lines 19--20
[]\T1/qbk/m/n/10 Ecuaciones di-fe-ren-cia-les \TS1/qbk/m/n/10  \T1/qbk/m/n/10 
2021 by Ju-liho Da-vid Cas-ti-llo
 []


Underfull \hbox (badness 10000) in paragraph at lines 19--20
\T1/qbk/m/n/10 Col-me-na-res is li-cen-sed un-der At-tri-bu-tion 4.0 In-ter-na-
tio-
 []

<./licencia/by.png, id=145, 97.0827pt x 33.9669pt>
File: ./licencia/by.png Graphic file (type png)
<use ./licencia/by.png>
Package pdftex.def Info: ./licencia/by.png  used on input line 21.
(pdftex.def)             Requested size: 97.08244pt x 33.96681pt.
[2

 <./licencia/by.png>] ([Ecuaciones-Diferenciales].toc
LaTeX Info: Redefining \. on input line 1.
LaTeX Info: Redefining \% on input line 1.
LaTeX Font Info:    External font `lmex10' loaded for size
(Font)              <12> on input line 49.
LaTeX Font Info:    External font `lmex10' loaded for size
(Font)              <9> on input line 49.
LaTeX Font Info:    External font `lmex10' loaded for size
(Font)              <7> on input line 49.
LaTeX Font Info:    Font shape `U/msa/m/n' will be
(Font)              scaled to size 12.50409pt on input line 49.
LaTeX Font Info:    Font shape `U/msa/m/n' will be
(Font)              scaled to size 9.37807pt on input line 49.
LaTeX Font Info:    Font shape `U/msa/m/n' will be
(Font)              scaled to size 7.29405pt on input line 49.
LaTeX Font Info:    Font shape `U/msb/m/n' will be
(Font)              scaled to size 12.50409pt on input line 49.
LaTeX Font Info:    Font shape `U/msb/m/n' will be
(Font)              scaled to size 9.37807pt on input line 49.
LaTeX Font Info:    Font shape `U/msb/m/n' will be
(Font)              scaled to size 7.29405pt on input line 49.
 [3

])
\tf@toc=\write6
\openout6 = `[Ecuaciones-Diferenciales].toc'.

 [4]
Cap\'{\i }tulo 1.
LaTeX Font Info:    External font `lmex10' loaded for size
(Font)              <20.74> on input line 27.
LaTeX Font Info:    External font `lmex10' loaded for size
(Font)              <14.4> on input line 27.
LaTeX Font Info:    Font shape `U/msa/m/n' will be
(Font)              scaled to size 21.61124pt on input line 27.
LaTeX Font Info:    Font shape `U/msa/m/n' will be
(Font)              scaled to size 15.0049pt on input line 27.
LaTeX Font Info:    Font shape `U/msb/m/n' will be
(Font)              scaled to size 21.61124pt on input line 27.
LaTeX Font Info:    Font shape `U/msb/m/n' will be
(Font)              scaled to size 15.0049pt on input line 27.
(fundamentos_ecuaciones_diferenciales.tex
Package hyperref Info: bookmark level for unknown resuelto defaults to 0 on inp
ut line 13.
 [5

]
Package hyperref Info: bookmark level for unknown ejemplo defaults to 0 on inpu
t line 61.
Package hyperref Info: bookmark level for unknown observacion defaults to 0 on 
input line 77.
Package hyperref Info: bookmark level for unknown definicion defaults to 0 on i
nput line 112.
 [6]) (edos_primer_orden.tex
Package hyperref Info: bookmark level for unknown problema defaults to 0 on inp
ut line 33.
LaTeX Font Info:    Trying to load font information for U+fplmbb on input line 
45.

(C:\Users\julih\AppData\Local\Programs\MiKTeX\tex/latex/psnfss\ufplmbb.fd
File: ufplmbb.fd 2003/10/30 Fontinst v1.914 font definitions for U/fplmbb.
)
[7]
<./edo/factores_integrantes_usuales.png, id=282, 515.67656pt x 468.24937pt>
File: ./edo/factores_integrantes_usuales.png Graphic file (type png)
<use ./edo/factores_integrantes_usuales.png>
Package pdftex.def Info: ./edo/factores_integrantes_usuales.png  used on input 
line 107.
(pdftex.def)             Requested size: 407.0574pt x 369.60376pt.

Overfull \hbox (95.0574pt too wide) in paragraph at lines 107--111
 [][] 
 []

[8] [9 <./edo/factores_integrantes_usuales.png (PNG copy)>] [10] [11])
(aplicaciones_edos.tex
Overfull \hbox (14.03946pt too wide) in paragraph at lines 8--8
|[]\T1/qbk/m/it/12 Aplicaciones de Ecua-cio-nes Di-fe-ren-cia-les de Pri-mer Or
-
 []

[12]
<./edo/img020501.png, id=337, 447.17062pt x 424.58624pt>
File: ./edo/img020501.png Graphic file (type png)
<use ./edo/img020501.png>
Package pdftex.def Info: ./edo/img020501.png  used on input line 89.
(pdftex.def)             Requested size: 209.76082pt x 199.16928pt.
 [13]
LaTeX Font Info:    Trying to load font information for T1+lmtt on input line 1
24.
 (C:\Users\julih\AppData\Local\Programs\MiKTeX\tex/latex/lm\t1lmtt.fd
File: t1lmtt.fd 2009/10/30 v1.6 Font defs for Latin Modern
)
<./edo/img020506.png, id=354, 340.27126pt x 399.74344pt>
File: ./edo/img020506.png Graphic file (type png)
<use ./edo/img020506.png>
Package pdftex.def Info: ./edo/img020506.png  used on input line 150.
(pdftex.def)             Requested size: 121.09567pt x 142.26378pt.
[14 <./edo/img020501.png>] [15 <./edo/img020506.png>]
<./edo/img020502.png, id=377, 593.96906pt x 402.75468pt>
File: ./edo/img020502.png Graphic file (type png)
<use ./edo/img020502.png>
Package pdftex.def Info: ./edo/img020502.png  used on input line 230.
(pdftex.def)             Requested size: 209.80463pt x 142.26378pt.
<./edo/img020504.png, id=378, 565.8741pt x 422.7795pt>
File: ./edo/img020504.png Graphic file (type png)
<use ./edo/img020504.png>
Package pdftex.def Info: ./edo/img020504.png  used on input line 247.
(pdftex.def)             Requested size: 190.41733pt x 142.26378pt.
<./edo/img020503.png, id=380, 562.35094pt x 383.18156pt>
File: ./edo/img020503.png Graphic file (type png)
<use ./edo/img020503.png>
Package pdftex.def Info: ./edo/img020503.png  used on input line 267.
(pdftex.def)             Requested size: 208.78737pt x 142.26378pt.

Overfull \hbox (8.49942pt too wide) in paragraph at lines 286--287
\T1/qbk/m/it/10 una re-sis-ten-cia de \T1/lmtt/m/it/10 100 ohms \T1/qbk/m/it/10
 y una ca-pa-ci-tan-cia de \T1/lmtt/m/it/10 1/100 faradios\T1/qbk/m/it/10 . 
 []

[16 <./edo/img020502.png>]
<./edo/img020505.png, id=393, 565.8741pt x 422.7795pt>
File: ./edo/img020505.png Graphic file (type png)
<use ./edo/img020505.png>
Package pdftex.def Info: ./edo/img020505.png  used on input line 303.
(pdftex.def)             Requested size: 190.41733pt x 142.26378pt.
) (problemas-primer-orden.tex [17 <./edo/img020504.png> <./edo/img020503.png>] 
[18 <./edo/img020505.png>] [19] [20]

LaTeX Warning: Reference `problem 2.2:c' on page 21 undefined on input line 213
.


Overfull \hbox (0.50955pt too wide) detected at line 270
[]
 []

[21]
<./edo/solved_problem_02-05.png, id=476, 424.2249pt x 279.6849pt>
File: ./edo/solved_problem_02-05.png Graphic file (type png)
<use ./edo/solved_problem_02-05.png>
Package pdftex.def Info: ./edo/solved_problem_02-05.png  used on input line 302
.
(pdftex.def)             Requested size: 654.10454pt x 431.19812pt.

Overfull \hbox (342.10454pt too wide) in paragraph at lines 302--306
 [][] 
 []

[22] [23 <./edo/solved_problem_02-05.png>]
<./edo/solved_problem_02-06.png, id=490, 424.2249pt x 279.6849pt>
File: ./edo/solved_problem_02-06.png Graphic file (type png)
<use ./edo/solved_problem_02-06.png>
Package pdftex.def Info: ./edo/solved_problem_02-06.png  used on input line 365
.
(pdftex.def)             Requested size: 467.21844pt x 308.0pt.

Overfull \hbox (155.21844pt too wide) in paragraph at lines 365--369
 [][] 
 []

LaTeX Font Info:    External font `lmex10' loaded for size
(Font)              <8> on input line 369.
LaTeX Font Info:    External font `lmex10' loaded for size
(Font)              <5> on input line 369.
LaTeX Font Info:    Font shape `U/msa/m/n' will be
(Font)              scaled to size 8.33606pt on input line 369.
LaTeX Font Info:    Font shape `U/msa/m/n' will be
(Font)              scaled to size 5.21004pt on input line 369.
LaTeX Font Info:    Font shape `U/msb/m/n' will be
(Font)              scaled to size 8.33606pt on input line 369.
LaTeX Font Info:    Font shape `U/msb/m/n' will be
(Font)              scaled to size 5.21004pt on input line 369.
[24 <./edo/solved_problem_02-06.png>]
<./edo/solved_problem_02-08.png, id=506, 455.301pt x 339.669pt>
File: ./edo/solved_problem_02-08.png Graphic file (type png)
<use ./edo/solved_problem_02-08.png>
Package pdftex.def Info: ./edo/solved_problem_02-08.png  used on input line 435
.
(pdftex.def)             Requested size: 495.44151pt x 369.60376pt.

Overfull \hbox (183.44151pt too wide) in paragraph at lines 435--439
 [][] 
 []

[25] [26 <./edo/solved_problem_02-08.png>]) [27] [28

]
Cap\'{\i }tulo 2.
(espacios_vectoriales.tex [29] [30] [31]) (subespacios_vectoriales.tex [32]
Package hyperref Info: bookmark level for unknown proposicion defaults to 0 on 
input line 47.
Package hyperref Info: bookmark level for unknown corolario defaults to 0 on in
put line 53.

[33]
Overfull \hbox (7.2204pt too wide) in paragraph at lines 144--145
[][][]\T1/qbk/b/n/10 Problema 2.10. [][]\T1/qbk/m/it/10 Sea $\OML/lmm/m/it/10 W
$ \T1/qbk/m/it/10 el con-jun-to de to-dos los vec-to-res $\OT1/zplm/m/n/10 (\OM
L/lmm/m/it/10 x[]\OT1/lmr/m/n/10 , ..., \OML/lmm/m/it/10 x[]\OT1/zplm/m/n/10 )$
 
 []

[34]) (transformaciones_lineales.tex [35]
Package hyperref Info: bookmark level for unknown solucion defaults to 0 on inp
ut line 94.
LaTeX Font Info:    External font `lmex10' loaded for size
(Font)              <10.95> on input line 127.
LaTeX Font Info:    Font shape `U/msa/m/n' will be
(Font)              scaled to size 11.40997pt on input line 127.
LaTeX Font Info:    Font shape `U/msb/m/n' will be
(Font)              scaled to size 11.40997pt on input line 127.
 [36] [37]) (nucleo_e_imagen.tex
[38] [39] [40]) (bases_y_dimension.tex [41] [42] [43]) (coordenadas.tex
[44] [45]
Underfull \vbox (badness 5652) has occurred while \output is active []

 [46]
[47]
Overfull \hbox (42.92004pt too wide) in paragraph at lines 165--189
$[]$ $[]$ 
 []


Overfull \hbox (42.92004pt too wide) in paragraph at lines 192--212
$[]$ $[]$ 
 []


Overfull \hbox (42.92004pt too wide) in paragraph at lines 228--248
$[]$ $[]$ 
 []

[48]) [49] [50

]
Cap\'{\i }tulo 3.
(valores_propios.tex [51] [52]
Overfull \hbox (42.92004pt too wide) in paragraph at lines 135--160
$[]$ $[]$ 
 []


Overfull \hbox (42.92004pt too wide) in paragraph at lines 163--186
$[]$ $[]$ 
 []


Overfull \hbox (240.76971pt too wide) in paragraph at lines 187--210
[]\T1/qbk/m/it/10 Finalmente, fac-to-ri-za-mos el po-li-no-mio. $[]$ $[]$ 
 []


Overfull \hbox (42.92004pt too wide) in paragraph at lines 214--234
$[]$ $[]$ 
 []

[53]
Overfull \hbox (42.92004pt too wide) in paragraph at lines 239--261
$[]$ $[]$ 
 []

[54]) (vectores_propios.tex [55]
Overfull \hbox (2.04947pt too wide) in paragraph at lines 61--62
[]\T1/qbk/m/n/10 Para com-pro-bar nues-tros re-sul-ta-dos, po-de-mos usar \T1/l
mtt/m/n/10 WxMaxima\T1/qbk/m/n/10 . 
 []


Overfull \hbox (42.00005pt too wide) in paragraph at lines 64--88
$[]$ $[]$ 
 []


Overfull \hbox (42.00005pt too wide) in paragraph at lines 92--112
$[]$ $[]$ 
 []

[56]) (diagonalizacion.tex
Overfull \hbox (42.92004pt too wide) in paragraph at lines 34--58
$[]$ $[]$ 
 []


Overfull \hbox (42.92004pt too wide) in paragraph at lines 63--83
$[]$ $[]$ 
 []


Overfull \hbox (42.92004pt too wide) in paragraph at lines 84--104
$[]$ $[]$ 
 []

[57]

LaTeX Warning: Reference `fig:cd' on page 58 undefined on input line 147.

[58]
Overfull \hbox (42.92004pt too wide) in paragraph at lines 174--198
$[]$ $[]$ 
 []


Overfull \hbox (42.92004pt too wide) in paragraph at lines 202--222
$[]$ $[]$ 
 []


Overfull \hbox (42.92004pt too wide) in paragraph at lines 241--265
$[]$ $[]$ 
 []

[59]
Overfull \hbox (42.92004pt too wide) in paragraph at lines 267--288
$[]$ $[]$ 
 []


Overfull \hbox (42.92004pt too wide) in paragraph at lines 291--311
$[]$ $[]$ 
 []

) [60]
Cap\'{\i }tulo 4.
(teoria_ecuaciones_lineales.tex

LaTeX Warning: Marginpar on page 61 moved.

Package hyperref Info: bookmark level for unknown teorema defaults to 0 on inpu
t line 19.
[61

] [62]
Overfull \hbox (0.44954pt too wide) in paragraph at lines 146--147
[][]\T1/qbk/b/n/10 Observacin. [][]\T1/qbk/m/it/10 El teo-re-ma [][]4.2[][] no
 es con-clu-yen-te cuan-do el wrons- 
 []

[63]
Overfull \hbox (7.46053pt too wide) in paragraph at lines 209--210
[]\T1/qbk/m/it/10 Encuentre el wrons-kiano de $[] \OT1/lmr/m/n/10 .$  
 []

) (edos_segundo_orden.tex
Overfull \hbox (10.61942pt too wide) in paragraph at lines 1--1
|[]\T1/qbk/m/it/12 Ecuaciones Di-fe-ren-cia-les Li-nea-les Ho-mo-g-neas de Se-

 []

[64] [65]) (ecuaciones_orden_superior.tex
Overfull \hbox (42.32655pt too wide) in paragraph at lines 1--1
|[]\T1/qbk/m/it/12 Ecuaciones Di-fe-ren-cia-les Li-nea-les Ho-mo-g-neas de $\O
ML/lmm/m/it/12 n\OMS/lmsy/m/n/12  $\T1/qbk/m/it/12 simo
 []


Package hyperref Warning: Token not allowed in a PDF string (Unicode):
(hyperref)                removing `math shift' on input line 1.


Package hyperref Warning: Token not allowed in a PDF string (Unicode):
(hyperref)                removing `math shift' on input line 1.

[66]) (coeficientes_indeterminados.tex [67] [68]
Overfull \hbox (4.8465pt too wide) in paragraph at lines 167--168
[]\T1/qbk/m/n/10 Aun ms, si $\OML/lmm/m/it/10 \OT1/zplm/m/n/10 (\OML/lmm/m/it
/10 x\OT1/zplm/m/n/10 ) = \OML/lmm/m/it/10 ke[] []\OT1/zplm/m/n/10 (\OML/lmm/m/
it/10 x\OT1/zplm/m/n/10 )\OML/lmm/m/it/10 p[]\OT1/zplm/m/n/10 (\OML/lmm/m/it/1
0 x\OT1/zplm/m/n/10 )$ \T1/qbk/m/n/10 o $\OML/lmm/m/it/10 \OT1/zplm/m/n/10 (\O
ML/lmm/m/it/10 x\OT1/zplm/m/n/10 ) = \OML/lmm/m/it/10 ke[] []\OT1/zplm/m/n/10 (
\OML/lmm/m/it/10 x\OT1/zplm/m/n/10 )\OML/lmm/m/it/10 p[]\OT1/zplm/m/n/10 (\OML
/lmm/m/it/10 x\OT1/zplm/m/n/10 )\OT1/lmr/m/n/10 ,$ 
 []

[69]) (aplicaciones_segundo_orden.tex
<./edo/img030601.png, id=1077, 724.20563pt x 393.72093pt>
File: ./edo/img030601.png Graphic file (type png)
<use ./edo/img030601.png>
Package pdftex.def Info: ./edo/img030601.png  used on input line 9.
(pdftex.def)             Requested size: 261.67522pt x 142.26378pt.
 [70]
<./edo/circuitos_electricos.png, id=1089, 426.99525pt x 284.262pt>
File: ./edo/circuitos_electricos.png Graphic file (type png)
<use ./edo/circuitos_electricos.png>
Package pdftex.def Info: ./edo/circuitos_electricos.png  used on input line 54.

(pdftex.def)             Requested size: 299.18132pt x 199.16928pt.
 [71 <./edo/img030601.png>])
(variacion_parametros.tex [72 <./edo/circuitos_electricos.png (PNG copy)>]
[73]) [74]
Cap\'{\i }tulo 5.
(transformada_laplace.tex [75

]
<./edo/img0401.png, id=1145, 625.58719pt x 402.75468pt>
File: ./edo/img0401.png Graphic file (type png)
<use ./edo/img0401.png>
Package pdftex.def Info: ./edo/img0401.png  used on input line 75.
(pdftex.def)             Requested size: 220.97293pt x 142.26378pt.
 [76 <./edo/img0401.png>])
(transformada_inversa_laplace.tex [77]) (transformada_laplace_derivadas.tex
[78] [79]) (transformada_funciones_discontinuas.tex
<./edo/img0402.png, id=1216, 525.46312pt x 427.5975pt>
File: ./edo/img0402.png Graphic file (type png)
<use ./edo/img0402.png>
Package pdftex.def Info: ./edo/img0402.png  used on input line 71.
(pdftex.def)             Requested size: 174.82253pt x 142.26378pt.
<./edo/img0403.png, id=1217, 938.00438pt x 294.34969pt>
File: ./edo/img0403.png Graphic file (type png)
<use ./edo/img0403.png>
Package pdftex.def Info: ./edo/img0403.png  used on input line 104.
(pdftex.def)             Requested size: 272.0143pt x 85.35826pt.
 [80] [81 <./edo/img0402.png> <./edo/img0403.png>]) [82]
Cap\'{\i }tulo 6.

Overfull \hbox (11.7807pt too wide) in paragraph at lines 63--63
|[]\T1/qbk/m/it/20.74 Sistemas de Ecua-cio-nes Di-fe-ren-
 []

(exponencial_matrix.tex [83

] [84] [85] [86]
Overfull \hbox (42.92004pt too wide) in paragraph at lines 182--205
$[]$ $[]$ 
 []


Overfull \hbox (42.92004pt too wide) in paragraph at lines 207--227
$[]$ $[]$ 
 []


Overfull \hbox (42.92004pt too wide) in paragraph at lines 243--266
$[]$ $[]$ 
 []

[87]
Overfull \hbox (42.92004pt too wide) in paragraph at lines 268--288
$[]$ $[]$ 
 []


Overfull \hbox (42.92004pt too wide) in paragraph at lines 298--318
$[]$ $[]$ 
 []


Overfull \hbox (42.92004pt too wide) in paragraph at lines 320--340
$[]$ $[]$ 
 []


Overfull \hbox (42.92004pt too wide) in paragraph at lines 353--376
$[]$ $[]$ 
 []


Overfull \hbox (42.92004pt too wide) in paragraph at lines 378--398
$[]$ $[]$ 
 []

[88]
Overfull \hbox (42.92004pt too wide) in paragraph at lines 417--440
$[]$ $[]$ 
 []


Overfull \hbox (42.92004pt too wide) in paragraph at lines 445--465
$[]$ $[]$ 
 []


LaTeX Warning: Reference `fig:1' on page 89 undefined on input line 482.


LaTeX Warning: Marginpar on page 89 moved.

[89]) (transformada_sistemas_lineales.tex [90]) ([Ecuaciones-Diferenciales].bbl
[91] [92

]
Cap\'{\i }tulo 7.

Package natbib Warning: Empty `thebibliography' environment on input line 3.

) [93] ([Ecuaciones-Diferenciales].aux
LaTeX Info: Redefining \. on input line 23.
LaTeX Info: Redefining \% on input line 23.
)

LaTeX Font Warning: Size substitutions with differences
(Font)              up to 0.43996pt have occurred.


LaTeX Warning: There were undefined references.


LaTeX Warning: There were multiply-defined labels.

Package rerunfilecheck Info: File `[Ecuaciones-Diferenciales].out' has not chan
ged.
(rerunfilecheck)             Checksum: E6093A000064D20018113031FC16B6AF;6692.
 ) 
Here is how much of TeX's memory you used:
 31178 strings out of 478927
 567338 string characters out of 2852534
 880942 words of memory out of 3000000
 47451 multiletter control sequences out of 15000+600000
 563793 words of font info for 179 fonts, out of 8000000 for 9000
 1141 hyphenation exceptions out of 8191
 94i,18n,97p,598b,799s stack positions out of 5000i,500n,10000p,200000b,80000s
pdfTeX warning (dest): name{teorema.4.2} has been referenced but does not exi
st, replaced by a fixed one

{C:/Users/julih/AppData/Local/Programs/MiKTeX/fonts/enc/dvips/lm/lm-ec.enc}{C:/
Users/julih/AppData/Local/Programs/MiKTeX/fonts/enc/dvips/lm/lm-mathsy.enc}{C:/
Users/julih/AppData/Local/Programs/MiKTeX/fonts/enc/dvips/lm/lm-mathit.enc}{C:/
Users/julih/AppData/Local/Programs/MiKTeX/fonts/enc/dvips/lm/lm-rm.enc}{C:/User
s/julih/AppData/Local/Programs/MiKTeX/fonts/enc/dvips/tex-gyre/q-ec-sc.enc}{C:/
Users/julih/AppData/Local/Programs/MiKTeX/fonts/enc/dvips/base/8r.enc}{C:/Users
/julih/AppData/Local/Programs/MiKTeX/fonts/enc/dvips/lm/lm-mathex.enc}{C:/Users
/julih/AppData/Local/Programs/MiKTeX/fonts/enc/dvips/tex-gyre/q-ec.enc}{C:/User
s/julih/AppData/Local/Programs/MiKTeX/fonts/enc/dvips/tex-gyre/q-ts1.enc}<C:/Us
ers/julih/AppData/Local/Programs/MiKTeX/fonts/type1/public/amsfonts/cm/cmr10.pf
b><C:/Users/julih/AppData/Local/Programs/MiKTeX/fonts/type1/public/mathpazo/fpl
mbb.pfb><C:/Users/julih/AppData/Local/Programs/MiKTeX/fonts/type1/public/lm/lme
x10.pfb><C:/Users/julih/AppData/Local/Programs/MiKTeX/fonts/type1/public/lm/lmm
i10.pfb><C:/Users/julih/AppData/Local/Programs/MiKTeX/fonts/type1/public/lm/lmm
i12.pfb><C:/Users/julih/AppData/Local/Programs/MiKTeX/fonts/type1/public/lm/lmm
i6.pfb><C:/Users/julih/AppData/Local/Programs/MiKTeX/fonts/type1/public/lm/lmmi
8.pfb><C:/Users/julih/AppData/Local/Programs/MiKTeX/fonts/type1/public/lm/lmr10
.pfb><C:/Users/julih/AppData/Local/Programs/MiKTeX/fonts/type1/public/lm/lmr6.p
fb><C:/Users/julih/AppData/Local/Programs/MiKTeX/fonts/type1/public/lm/lmr8.pfb
><C:/Users/julih/AppData/Local/Programs/MiKTeX/fonts/type1/public/lm/lmss12.pfb
><C:/Users/julih/AppData/Local/Programs/MiKTeX/fonts/type1/public/lm/lmss17.pfb
><C:/Users/julih/AppData/Local/Programs/MiKTeX/fonts/type1/public/lm/lmsy10.pfb
><C:/Users/julih/AppData/Local/Programs/MiKTeX/fonts/type1/public/lm/lmsy6.pfb>
<C:/Users/julih/AppData/Local/Programs/MiKTeX/fonts/type1/public/lm/lmsy8.pfb><
C:/Users/julih/AppData/Local/Programs/MiKTeX/fonts/type1/public/lm/lmtt10.pfb><
C:/Users/julih/AppData/Local/Programs/MiKTeX/fonts/type1/public/lm/lmtt8.pfb><C
:/Users/julih/AppData/Local/Programs/MiKTeX/fonts/type1/public/lm/lmtti10.pfb><
C:/Users/julih/AppData/Local/Programs/MiKTeX/fonts/type1/public/tex-gyre/qbkb.p
fb><C:/Users/julih/AppData/Local/Programs/MiKTeX/fonts/type1/public/tex-gyre/qb
kr.pfb><C:/Users/julih/AppData/Local/Programs/MiKTeX/fonts/type1/public/tex-gyr
e/qbkri.pfb><C:/Users/julih/AppData/Local/Programs/MiKTeX/fonts/type1/urw/palat
ino/uplr8a.pfb>
Output written on [Ecuaciones-Diferenciales].pdf (93 pages, 1649626 bytes).
PDF statistics:
 1593 PDF objects out of 1728 (max. 8388607)
 762 named destinations out of 1000 (max. 500000)
 2917 words of extra memory for PDF output out of 10000 (max. 10000000)

