\BOOKMARK [0][-]{chapter.1}{\376\377\000E\000c\000u\000a\000c\000i\000o\000n\000e\000s\000\040\000d\000e\000\040\000p\000r\000i\000m\000e\000r\000\040\000o\000r\000d\000e\000n}{}% 1
\BOOKMARK [1][-]{section.1.1}{\376\377\000F\000u\000n\000d\000a\000m\000e\000n\000t\000o\000s\000\040\000d\000e\000\040\000E\000c\000u\000a\000c\000i\000o\000n\000e\000s\000\040\000D\000i\000f\000e\000r\000e\000n\000c\000i\000a\000l\000e\000s}{chapter.1}% 2
\BOOKMARK [1][-]{section.1.2}{\376\377\000E\000c\000u\000a\000c\000i\000o\000n\000e\000s\000\040\000E\000s\000p\000e\000c\000i\000a\000l\000e\000s\000\040\000d\000e\000\040\000P\000r\000i\000m\000e\000r\000\040\000O\000r\000d\000e\000n}{chapter.1}% 3
\BOOKMARK [1][-]{section.1.3}{\376\377\000A\000p\000l\000i\000c\000a\000c\000i\000o\000n\000e\000s}{chapter.1}% 4
\BOOKMARK [1][-]{section.1.4}{\376\377\000P\000r\000o\000b\000l\000e\000m\000a\000s\000\040\000d\000e\000\040\000p\000r\000\341\000c\000t\000i\000c\000a}{chapter.1}% 5
\BOOKMARK [0][-]{chapter.2}{\376\377\000E\000s\000p\000a\000c\000i\000o\000s\000\040\000V\000e\000c\000t\000o\000r\000i\000a\000l\000e\000s}{}% 6
\BOOKMARK [1][-]{section.2.1}{\376\377\000D\000e\000f\000i\000n\000i\000c\000i\000\363\000n\000\040\000y\000\040\000e\000j\000e\000m\000p\000l\000o\000s}{chapter.2}% 7
\BOOKMARK [1][-]{section.2.2}{\376\377\000S\000u\000b\000e\000s\000p\000a\000c\000i\000o\000s\000\040\000v\000e\000c\000t\000o\000r\000i\000a\000l\000e\000s}{chapter.2}% 8
\BOOKMARK [1][-]{section.2.3}{\376\377\000T\000r\000a\000n\000s\000f\000o\000r\000m\000a\000c\000i\000o\000n\000e\000s\000\040\000l\000i\000n\000e\000a\000l\000e\000s}{chapter.2}% 9
\BOOKMARK [1][-]{section.2.4}{\376\377\000N\000\372\000c\000l\000e\000o\000\040\000e\000\040\000i\000m\000a\000g\000e\000n}{chapter.2}% 10
\BOOKMARK [1][-]{section.2.5}{\376\377\000B\000a\000s\000e\000s\000\040\000y\000\040\000d\000i\000m\000e\000n\000s\000i\000\363\000n}{chapter.2}% 11
\BOOKMARK [1][-]{section.2.6}{\376\377\000C\000o\000o\000r\000d\000e\000n\000a\000d\000a\000s\000\040\000y\000\040\000c\000a\000m\000b\000i\000o\000s\000\040\000d\000e\000\040\000b\000a\000s\000e\000.}{chapter.2}% 12
\BOOKMARK [0][-]{chapter.3}{\376\377\000T\000e\000o\000r\000\355\000a\000\040\000e\000s\000p\000e\000c\000t\000r\000a\000l}{}% 13
\BOOKMARK [1][-]{section.3.1}{\376\377\000V\000a\000l\000o\000r\000e\000s\000\040\000p\000r\000o\000p\000i\000o\000s}{chapter.3}% 14
\BOOKMARK [1][-]{section.3.2}{\376\377\000V\000a\000l\000o\000r\000e\000s\000\040\000p\000r\000o\000p\000i\000o\000s}{chapter.3}% 15
\BOOKMARK [1][-]{section.3.3}{\376\377\000V\000e\000c\000t\000o\000r\000e\000s\000\040\000p\000r\000o\000p\000i\000o\000s}{chapter.3}% 16
\BOOKMARK [1][-]{section.3.4}{\376\377\000D\000i\000a\000g\000o\000n\000a\000l\000i\000z\000a\000c\000i\000\363\000n}{chapter.3}% 17
\BOOKMARK [0][-]{chapter.4}{\376\377\000E\000c\000u\000a\000c\000i\000o\000n\000e\000s\000\040\000d\000e\000\040\000O\000r\000d\000e\000n\000\040\000S\000u\000p\000e\000r\000i\000o\000r}{}% 18
\BOOKMARK [1][-]{section.4.1}{\376\377\000E\000c\000u\000a\000c\000i\000o\000n\000e\000s\000\040\000D\000i\000f\000e\000r\000e\000n\000c\000i\000a\000l\000e\000s\000\040\000L\000i\000n\000e\000a\000l\000e\000s}{chapter.4}% 19
\BOOKMARK [1][-]{section.4.2}{\376\377\000E\000c\000u\000a\000c\000i\000o\000n\000e\000s\000\040\000D\000i\000f\000e\000r\000e\000n\000c\000i\000a\000l\000e\000s\000\040\000L\000i\000n\000e\000a\000l\000e\000s\000\040\000H\000o\000m\000o\000g\000\351\000n\000e\000a\000s\000\040\000d\000e\000\040\000S\000e\000g\000u\000n\000d\000o\000\040\000O\000r\000d\000e\000n\000\040\000c\000o\000n\000\040\000C\000o\000e\000f\000i\000c\000i\000e\000n\000t\000e\000s\000\040\000C\000o\000n\000s\000t\000a\000n\000t\000e\000s}{chapter.4}% 20
\BOOKMARK [1][-]{section.4.3}{\376\377\000E\000c\000u\000a\000c\000i\000o\000n\000e\000s\000\040\000D\000i\000f\000e\000r\000e\000n\000c\000i\000a\000l\000e\000s\000\040\000L\000i\000n\000e\000a\000l\000e\000s\000\040\000H\000o\000m\000o\000g\000\351\000n\000e\000a\000s\000\040\000d\000e\000\040\000n\000-\000\351\000s\000i\000m\000o\000\040\000O\000r\000d\000e\000n\000\040\000c\000o\000n\000\040\000C\000o\000e\000f\000i\000c\000i\000e\000n\000t\000e\000s\000\040\000C\000o\000n\000s\000t\000a\000n\000t\000e\000s}{chapter.4}% 21
\BOOKMARK [1][-]{section.4.4}{\376\377\000M\000\351\000t\000o\000d\000o\000\040\000d\000e\000\040\000C\000o\000e\000f\000i\000c\000i\000e\000n\000t\000e\000s\000\040\000I\000n\000d\000e\000t\000e\000r\000m\000i\000n\000a\000d\000o\000s}{chapter.4}% 22
\BOOKMARK [1][-]{section.4.5}{\376\377\000A\000p\000l\000i\000c\000a\000c\000i\000o\000n\000e\000s}{chapter.4}% 23
\BOOKMARK [1][-]{section.4.6}{\376\377\000V\000a\000r\000i\000a\000c\000i\000\363\000n\000\040\000d\000e\000\040\000p\000a\000r\000a\000m\000e\000t\000r\000o\000s}{chapter.4}% 24
\BOOKMARK [0][-]{chapter.5}{\376\377\000T\000r\000a\000n\000s\000f\000o\000r\000m\000a\000d\000a\000\040\000d\000e\000\040\000L\000a\000p\000l\000a\000c\000e}{}% 25
\BOOKMARK [1][-]{section.5.1}{\376\377\000L\000a\000\040\000T\000r\000a\000n\000s\000f\000o\000r\000m\000a\000d\000a\000\040\000d\000e\000\040\000L\000a\000p\000l\000a\000c\000e}{chapter.5}% 26
\BOOKMARK [1][-]{section.5.2}{\376\377\000T\000r\000a\000n\000s\000f\000o\000r\000m\000a\000d\000a\000\040\000I\000n\000v\000e\000r\000s\000a\000\040\000d\000e\000\040\000L\000a\000p\000l\000a\000c\000e}{chapter.5}% 27
\BOOKMARK [1][-]{section.5.3}{\376\377\000E\000.\000D\000.\000\040\000L\000i\000n\000e\000a\000l\000e\000s\000\040\000c\000o\000n\000\040\000C\000o\000e\000f\000i\000c\000i\000e\000n\000t\000e\000s\000\040\000C\000o\000n\000s\000t\000a\000n\000t\000e\000s}{chapter.5}% 28
\BOOKMARK [1][-]{section.5.4}{\376\377\000T\000r\000a\000n\000s\000f\000o\000r\000m\000a\000d\000a\000\040\000d\000e\000\040\000f\000u\000n\000c\000i\000o\000n\000e\000s\000\040\000d\000i\000s\000c\000o\000n\000t\000i\000n\000u\000a\000s}{chapter.5}% 29
\BOOKMARK [0][-]{chapter.6}{\376\377\000S\000i\000s\000t\000e\000m\000a\000s\000\040\000d\000e\000\040\000E\000c\000u\000a\000c\000i\000o\000n\000e\000s\000\040\000D\000i\000f\000e\000r\000e\000n\000c\000i\000a\000l\000e\000s}{}% 30
\BOOKMARK [1][-]{section.6.1}{\376\377\000P\000r\000o\000y\000e\000c\000t\000o\000\040\000f\000i\000n\000a\000l\000:\000\040\000E\000c\000u\000a\000c\000i\000o\000n\000e\000s\000\040\000d\000i\000f\000e\000r\000e\000n\000c\000i\000a\000l\000e\000s}{chapter.6}% 31
\BOOKMARK [1][-]{section.6.2}{\376\377\000S\000o\000l\000u\000c\000i\000\363\000n\000\040\000d\000e\000\040\000S\000i\000s\000t\000e\000m\000a\000s\000\040\000L\000i\000n\000e\000a\000l\000e\000s}{chapter.6}% 32
\BOOKMARK [0][-]{chapter.7}{\376\377\000B\000i\000b\000l\000i\000o\000g\000r\000a\000f\000\355\000a}{}% 33
